# JRE version: Java(TM) SE Runtime Environment (8.0_241-b07) (build 1.8.0_241-b07)
# Java VM: Java HotSpot(TM) 64-Bit Server VM (25.241-b07 mixed mode windows-amd64 compressed oops)
Heap:
 PSYoungGen      total 146944K, used 123522K [0x00000000f5580000, 0x0000000100000000, 0x0000000100000000)
  eden space 126464K, 81% used [0x00000000f5580000,0x00000000fba24d60,0x00000000fd100000)
  from space 20480K, 99% used [0x00000000fec00000,0x00000000ffffbcf0,0x0000000100000000)
  to   space 24064K, 0% used [0x00000000fd100000,0x00000000fd100000,0x00000000fe880000)
 ParOldGen       total 228864K, used 48310K [0x00000000e0000000, 0x00000000edf80000, 0x00000000f5580000)
  object space 228864K, 21% used [0x00000000e0000000,0x00000000e2f2da88,0x00000000edf80000)
 Metaspace       used 73776K, capacity 77448K, committed 77568K, reserved 1116160K
  class space    used 10213K, capacity 10940K, committed 11008K, reserved 1048576K
GC Heap History (10 events):
Event: 11.454 GC heap before
{Heap before GC invocations=11 (full 2):
 PSYoungGen      total 162816K, used 158549K [0x00000000f5580000, 0x0000000100000000, 0x0000000100000000)
  eden space 151040K, 100% used [0x00000000f5580000,0x00000000fe900000,0x00000000fe900000)
  from space 11776K, 63% used [0x00000000ff480000,0x00000000ffbd56b0,0x0000000100000000)
  to   space 11776K, 0% used [0x00000000fe900000,0x00000000fe900000,0x00000000ff480000)
 ParOldGen       total 175104K, used 15300K [0x00000000e0000000, 0x00000000eab00000, 0x00000000f5580000)
  object space 175104K, 8% used [0x00000000e0000000,0x00000000e0ef1290,0x00000000eab00000)
 Metaspace       used 51066K, capacity 53162K, committed 53248K, reserved 1095680K
  class space    used 6949K, capacity 7399K, committed 7424K, reserved 1048576K
Event: 11.503 GC heap after
Heap after GC invocations=11 (full 2):
 PSYoungGen      total 162816K, used 11755K [0x00000000f5580000, 0x0000000100000000, 0x0000000100000000)
  eden space 151040K, 0% used [0x00000000f5580000,0x00000000f5580000,0x00000000fe900000)
  from space 11776K, 99% used [0x00000000fe900000,0x00000000ff47af20,0x00000000ff480000)
  to   space 11776K, 0% used [0x00000000ff480000,0x00000000ff480000,0x0000000100000000)
 ParOldGen       total 175104K, used 26536K [0x00000000e0000000, 0x00000000eab00000, 0x00000000f5580000)
  object space 175104K, 15% used [0x00000000e0000000,0x00000000e19ea1b0,0x00000000eab00000)
 Metaspace       used 51066K, capacity 53162K, committed 53248K, reserved 1095680K
  class space    used 6949K, capacity 7399K, committed 7424K, reserved 1048576K
}
Event: 13.563 GC heap before
{Heap before GC invocations=12 (full 2):
 PSYoungGen      total 162816K, used 138156K [0x00000000f5580000, 0x0000000100000000, 0x0000000100000000)
  eden space 151040K, 83% used [0x00000000f5580000,0x00000000fd0f0100,0x00000000fe900000)
  from space 11776K, 99% used [0x00000000fe900000,0x00000000ff47af20,0x00000000ff480000)
  to   space 11776K, 0% used [0x00000000ff480000,0x00000000ff480000,0x0000000100000000)
 ParOldGen       total 175104K, used 26536K [0x00000000e0000000, 0x00000000eab00000, 0x00000000f5580000)
  object space 175104K, 15% used [0x00000000e0000000,0x00000000e19ea1b0,0x00000000eab00000)
 Metaspace       used 56460K, capacity 59028K, committed 59160K, reserved 1099776K
  class space    used 7795K, capacity 8292K, committed 8320K, reserved 1048576K
Event: 13.646 GC heap after
Heap after GC invocations=12 (full 2):
 PSYoungGen      total 144384K, used 11747K [0x00000000f5580000, 0x0000000100000000, 0x0000000100000000)
  eden space 132608K, 0% used [0x00000000f5580000,0x00000000f5580000,0x00000000fd700000)
  from space 11776K, 99% used [0x00000000ff480000,0x00000000ffff8f00,0x0000000100000000)
  to   space 20992K, 0% used [0x00000000fd700000,0x00000000fd700000,0x00000000feb80000)
 ParOldGen       total 175104K, used 37489K [0x00000000e0000000, 0x00000000eab00000, 0x00000000f5580000)
  object space 175104K, 21% used [0x00000000e0000000,0x00000000e249c580,0x00000000eab00000)
 Metaspace       used 56460K, capacity 59028K, committed 59160K, reserved 1099776K
  class space    used 7795K, capacity 8292K, committed 8320K, reserved 1048576K
}
Event: 13.646 GC heap before
{Heap before GC invocations=13 (full 3):
 PSYoungGen      total 144384K, used 11747K [0x00000000f5580000, 0x0000000100000000, 0x0000000100000000)
  eden space 132608K, 0% used [0x00000000f5580000,0x00000000f5580000,0x00000000fd700000)
  from space 11776K, 99% used [0x00000000ff480000,0x00000000ffff8f00,0x0000000100000000)
  to   space 20992K, 0% used [0x00000000fd700000,0x00000000fd700000,0x00000000feb80000)
 ParOldGen       total 175104K, used 37489K [0x00000000e0000000, 0x00000000eab00000, 0x00000000f5580000)
  object space 175104K, 21% used [0x00000000e0000000,0x00000000e249c580,0x00000000eab00000)
 Metaspace       used 56460K, capacity 59028K, committed 59160K, reserved 1099776K
  class space    used 7795K, capacity 8292K, committed 8320K, reserved 1048576K
Event: 14.036 GC heap after
Heap after GC invocations=13 (full 3):
 PSYoungGen      total 144384K, used 0K [0x00000000f5580000, 0x0000000100000000, 0x0000000100000000)
  eden space 132608K, 0% used [0x00000000f5580000,0x00000000f5580000,0x00000000fd700000)
  from space 11776K, 0% used [0x00000000ff480000,0x00000000ff480000,0x0000000100000000)
  to   space 20992K, 0% used [0x00000000fd700000,0x00000000fd700000,0x00000000feb80000)
 ParOldGen       total 228864K, used 45823K [0x00000000e0000000, 0x00000000edf80000, 0x00000000f5580000)
  object space 228864K, 20% used [0x00000000e0000000,0x00000000e2cbfd60,0x00000000edf80000)
 Metaspace       used 56438K, capacity 58956K, committed 59160K, reserved 1099776K
  class space    used 7788K, capacity 8280K, committed 8320K, reserved 1048576K
}
Event: 17.433 GC heap before
{Heap before GC invocations=14 (full 3):
 PSYoungGen      total 144384K, used 132608K [0x00000000f5580000, 0x0000000100000000, 0x0000000100000000)
  eden space 132608K, 100% used [0x00000000f5580000,0x00000000fd700000,0x00000000fd700000)
  from space 11776K, 0% used [0x00000000ff480000,0x00000000ff480000,0x0000000100000000)
  to   space 20992K, 0% used [0x00000000fd700000,0x00000000fd700000,0x00000000feb80000)
 ParOldGen       total 228864K, used 45823K [0x00000000e0000000, 0x00000000edf80000, 0x00000000f5580000)
  object space 228864K, 20% used [0x00000000e0000000,0x00000000e2cbfd60,0x00000000edf80000)
 Metaspace       used 62058K, capacity 64828K, committed 64896K, reserved 1105920K
  class space    used 8720K, capacity 9292K, committed 9344K, reserved 1048576K
Event: 17.457 GC heap after
Heap after GC invocations=14 (full 3):
 PSYoungGen      total 153600K, used 11857K [0x00000000f5580000, 0x0000000100000000, 0x0000000100000000)
  eden space 132608K, 0% used [0x00000000f5580000,0x00000000f5580000,0x00000000fd700000)
  from space 20992K, 56% used [0x00000000fd700000,0x00000000fe294700,0x00000000feb80000)
  to   space 20480K, 0% used [0x00000000fec00000,0x00000000fec00000,0x0000000100000000)
 ParOldGen       total 228864K, used 45831K [0x00000000e0000000, 0x00000000edf80000, 0x00000000f5580000)
  object space 228864K, 20% used [0x00000000e0000000,0x00000000e2cc1d60,0x00000000edf80000)
 Metaspace       used 62058K, capacity 64828K, committed 64896K, reserved 1105920K
  class space    used 8720K, capacity 9292K, committed 9344K, reserved 1048576K
}
Event: 21.409 GC heap before
{Heap before GC invocations=15 (full 3):
 PSYoungGen      total 153600K, used 144465K [0x00000000f5580000, 0x0000000100000000, 0x0000000100000000)
  eden space 132608K, 100% used [0x00000000f5580000,0x00000000fd700000,0x00000000fd700000)
  from space 20992K, 56% used [0x00000000fd700000,0x00000000fe294700,0x00000000feb80000)
  to   space 20480K, 0% used [0x00000000fec00000,0x00000000fec00000,0x0000000100000000)
 ParOldGen       total 228864K, used 45831K [0x00000000e0000000, 0x00000000edf80000, 0x00000000f5580000)
  object space 228864K, 20% used [0x00000000e0000000,0x00000000e2cc1d60,0x00000000edf80000)
 Metaspace       used 66767K, capacity 70114K, committed 70272K, reserved 1110016K
  class space    used 9473K, capacity 10105K, committed 10112K, reserved 1048576K
Event: 21.450 GC heap after
Heap after GC invocations=15 (full 3):
 PSYoungGen      total 146944K, used 20463K [0x00000000f5580000, 0x0000000100000000, 0x0000000100000000)
  eden space 126464K, 0% used [0x00000000f5580000,0x00000000f5580000,0x00000000fd100000)
  from space 20480K, 99% used [0x00000000fec00000,0x00000000ffffbcf0,0x0000000100000000)
  to   space 24064K, 0% used [0x00000000fd100000,0x00000000fd100000,0x00000000fe880000)
 ParOldGen       total 228864K, used 48310K [0x00000000e0000000, 0x00000000edf80000, 0x00000000f5580000)
  object space 228864K, 21% used [0x00000000e0000000,0x00000000e2f2da88,0x00000000edf80000)
 Metaspace       used 66767K, capacity 70114K, committed 70272K, reserved 1110016K
  class space    used 9473K, capacity 10105K, committed 10112K, reserved 1048576K
}

