# JRE version: Java(TM) SE Runtime Environment (8.0_241-b07) (build 1.8.0_241-b07)
# Java VM: Java HotSpot(TM) 64-Bit Server VM (25.241-b07 mixed mode windows-amd64 compressed oops)
Heap:
 PSYoungGen      total 151040K, used 129638K [0x00000000f5580000, 0x0000000100000000, 0x0000000100000000)
  eden space 127488K, 83% used [0x00000000f5580000,0x00000000fbd19a98,0x00000000fd200000)
  from space 23552K, 99% used [0x00000000fd200000,0x00000000fe8ffe28,0x00000000fe900000)
  to   space 23552K, 0% used [0x00000000fe900000,0x00000000fe900000,0x0000000100000000)
 ParOldGen       total 218624K, used 52734K [0x00000000e0000000, 0x00000000ed580000, 0x00000000f5580000)
  object space 218624K, 24% used [0x00000000e0000000,0x00000000e337f9b8,0x00000000ed580000)
 Metaspace       used 73856K, capacity 77518K, committed 77824K, reserved 1116160K
  class space    used 10215K, capacity 10941K, committed 11008K, reserved 1048576K
GC Heap History (10 events):
Event: 12.388 GC heap before
{Heap before GC invocations=12 (full 2):
 PSYoungGen      total 162304K, used 125634K [0x00000000f5580000, 0x0000000100000000, 0x0000000100000000)
  eden space 151040K, 75% used [0x00000000f5580000,0x00000000fc535a48,0x00000000fe900000)
  from space 11264K, 99% used [0x00000000fe900000,0x00000000ff3faf30,0x00000000ff400000)
  to   space 12288K, 0% used [0x00000000ff400000,0x00000000ff400000,0x0000000100000000)
 ParOldGen       total 175104K, used 26930K [0x00000000e0000000, 0x00000000eab00000, 0x00000000f5580000)
  object space 175104K, 15% used [0x00000000e0000000,0x00000000e1a4c890,0x00000000eab00000)
 Metaspace       used 56532K, capacity 59090K, committed 59160K, reserved 1099776K
  class space    used 7803K, capacity 8319K, committed 8320K, reserved 1048576K
Event: 12.428 GC heap after
Heap after GC invocations=12 (full 2):
 PSYoungGen      total 145920K, used 12267K [0x00000000f5580000, 0x0000000100000000, 0x0000000100000000)
  eden space 133632K, 0% used [0x00000000f5580000,0x00000000f5580000,0x00000000fd800000)
  from space 12288K, 99% used [0x00000000ff400000,0x00000000ffffaf00,0x0000000100000000)
  to   space 20480K, 0% used [0x00000000fd800000,0x00000000fd800000,0x00000000fec00000)
 ParOldGen       total 175104K, used 36203K [0x00000000e0000000, 0x00000000eab00000, 0x00000000f5580000)
  object space 175104K, 20% used [0x00000000e0000000,0x00000000e235afc0,0x00000000eab00000)
 Metaspace       used 56532K, capacity 59090K, committed 59160K, reserved 1099776K
  class space    used 7803K, capacity 8319K, committed 8320K, reserved 1048576K
}
Event: 12.428 GC heap before
{Heap before GC invocations=13 (full 3):
 PSYoungGen      total 145920K, used 12267K [0x00000000f5580000, 0x0000000100000000, 0x0000000100000000)
  eden space 133632K, 0% used [0x00000000f5580000,0x00000000f5580000,0x00000000fd800000)
  from space 12288K, 99% used [0x00000000ff400000,0x00000000ffffaf00,0x0000000100000000)
  to   space 20480K, 0% used [0x00000000fd800000,0x00000000fd800000,0x00000000fec00000)
 ParOldGen       total 175104K, used 36203K [0x00000000e0000000, 0x00000000eab00000, 0x00000000f5580000)
  object space 175104K, 20% used [0x00000000e0000000,0x00000000e235afc0,0x00000000eab00000)
 Metaspace       used 56532K, capacity 59090K, committed 59160K, reserved 1099776K
  class space    used 7803K, capacity 8319K, committed 8320K, reserved 1048576K
Event: 12.762 GC heap after
Heap after GC invocations=13 (full 3):
 PSYoungGen      total 145920K, used 0K [0x00000000f5580000, 0x0000000100000000, 0x0000000100000000)
  eden space 133632K, 0% used [0x00000000f5580000,0x00000000f5580000,0x00000000fd800000)
  from space 12288K, 0% used [0x00000000ff400000,0x00000000ff400000,0x0000000100000000)
  to   space 20480K, 0% used [0x00000000fd800000,0x00000000fd800000,0x00000000fec00000)
 ParOldGen       total 218624K, used 45102K [0x00000000e0000000, 0x00000000ed580000, 0x00000000f5580000)
  object space 218624K, 20% used [0x00000000e0000000,0x00000000e2c0b8b8,0x00000000ed580000)
 Metaspace       used 56526K, capacity 59072K, committed 59160K, reserved 1099776K
  class space    used 7801K, capacity 8316K, committed 8320K, reserved 1048576K
}
Event: 14.835 GC heap before
{Heap before GC invocations=14 (full 3):
 PSYoungGen      total 145920K, used 133632K [0x00000000f5580000, 0x0000000100000000, 0x0000000100000000)
  eden space 133632K, 100% used [0x00000000f5580000,0x00000000fd800000,0x00000000fd800000)
  from space 12288K, 0% used [0x00000000ff400000,0x00000000ff400000,0x0000000100000000)
  to   space 20480K, 0% used [0x00000000fd800000,0x00000000fd800000,0x00000000fec00000)
 ParOldGen       total 218624K, used 45102K [0x00000000e0000000, 0x00000000ed580000, 0x00000000f5580000)
  object space 218624K, 20% used [0x00000000e0000000,0x00000000e2c0b8b8,0x00000000ed580000)
 Metaspace       used 62161K, capacity 64968K, committed 65152K, reserved 1105920K
  class space    used 8743K, capacity 9292K, committed 9344K, reserved 1048576K
Event: 14.861 GC heap after
Heap after GC invocations=14 (full 3):
 PSYoungGen      total 154112K, used 12215K [0x00000000f5580000, 0x0000000100000000, 0x0000000100000000)
  eden space 133632K, 0% used [0x00000000f5580000,0x00000000f5580000,0x00000000fd800000)
  from space 20480K, 59% used [0x00000000fd800000,0x00000000fe3ede30,0x00000000fec00000)
  to   space 19968K, 0% used [0x00000000fec80000,0x00000000fec80000,0x0000000100000000)
 ParOldGen       total 218624K, used 45110K [0x00000000e0000000, 0x00000000ed580000, 0x00000000f5580000)
  object space 218624K, 20% used [0x00000000e0000000,0x00000000e2c0d8b8,0x00000000ed580000)
 Metaspace       used 62161K, capacity 64968K, committed 65152K, reserved 1105920K
  class space    used 8743K, capacity 9292K, committed 9344K, reserved 1048576K
}
Event: 16.837 GC heap before
{Heap before GC invocations=15 (full 3):
 PSYoungGen      total 154112K, used 145847K [0x00000000f5580000, 0x0000000100000000, 0x0000000100000000)
  eden space 133632K, 100% used [0x00000000f5580000,0x00000000fd800000,0x00000000fd800000)
  from space 20480K, 59% used [0x00000000fd800000,0x00000000fe3ede30,0x00000000fec00000)
  to   space 19968K, 0% used [0x00000000fec80000,0x00000000fec80000,0x0000000100000000)
 ParOldGen       total 218624K, used 45110K [0x00000000e0000000, 0x00000000ed580000, 0x00000000f5580000)
  object space 218624K, 20% used [0x00000000e0000000,0x00000000e2c0d8b8,0x00000000ed580000)
 Metaspace       used 66885K, capacity 70278K, committed 70400K, reserved 1110016K
  class space    used 9494K, capacity 10137K, committed 10240K, reserved 1048576K
Event: 16.862 GC heap after
Heap after GC invocations=15 (full 3):
 PSYoungGen      total 147456K, used 19949K [0x00000000f5580000, 0x0000000100000000, 0x0000000100000000)
  eden space 127488K, 0% used [0x00000000f5580000,0x00000000f5580000,0x00000000fd200000)
  from space 19968K, 99% used [0x00000000fec80000,0x00000000ffffb510,0x0000000100000000)
  to   space 23552K, 0% used [0x00000000fd200000,0x00000000fd200000,0x00000000fe900000)
 ParOldGen       total 218624K, used 48160K [0x00000000e0000000, 0x00000000ed580000, 0x00000000f5580000)
  object space 218624K, 22% used [0x00000000e0000000,0x00000000e2f081b0,0x00000000ed580000)
 Metaspace       used 66885K, capacity 70278K, committed 70400K, reserved 1110016K
  class space    used 9494K, capacity 10137K, committed 10240K, reserved 1048576K
}
Event: 3185.406 GC heap before
{Heap before GC invocations=16 (full 3):
 PSYoungGen      total 147456K, used 147437K [0x00000000f5580000, 0x0000000100000000, 0x0000000100000000)
  eden space 127488K, 100% used [0x00000000f5580000,0x00000000fd200000,0x00000000fd200000)
  from space 19968K, 99% used [0x00000000fec80000,0x00000000ffffb510,0x0000000100000000)
  to   space 23552K, 0% used [0x00000000fd200000,0x00000000fd200000,0x00000000fe900000)
 ParOldGen       total 218624K, used 48160K [0x00000000e0000000, 0x00000000ed580000, 0x00000000f5580000)
  object space 218624K, 22% used [0x00000000e0000000,0x00000000e2f081b0,0x00000000ed580000)
 Metaspace       used 73739K, capacity 77280K, committed 77568K, reserved 1116160K
  class space    used 10199K, capacity 10896K, committed 11008K, reserved 1048576K
Event: 3187.005 GC heap after
Heap after GC invocations=16 (full 3):
 PSYoungGen      total 151040K, used 23551K [0x00000000f5580000, 0x0000000100000000, 0x0000000100000000)
  eden space 127488K, 0% used [0x00000000f5580000,0x00000000f5580000,0x00000000fd200000)
  from space 23552K, 99% used [0x00000000fd200000,0x00000000fe8ffe28,0x00000000fe900000)
  to   space 23552K, 0% used [0x00000000fe900000,0x00000000fe900000,0x0000000100000000)
 ParOldGen       total 218624K, used 52734K [0x00000000e0000000, 0x00000000ed580000, 0x00000000f5580000)
  object space 218624K, 24% used [0x00000000e0000000,0x00000000e337f9b8,0x00000000ed580000)
 Metaspace       used 73739K, capacity 77280K, committed 77568K, reserved 1116160K
  class space    used 10199K, capacity 10896K, committed 11008K, reserved 1048576K
}

