# JRE version: Java(TM) SE Runtime Environment (8.0_241-b07) (build 1.8.0_241-b07)
# Java VM: Java HotSpot(TM) 64-Bit Server VM (25.241-b07 mixed mode windows-amd64 compressed oops)
Heap:
 PSYoungGen      total 147968K, used 119186K [0x00000000f5580000, 0x0000000100000000, 0x0000000100000000)
  eden space 126464K, 77% used [0x00000000f5580000,0x00000000fb546fe0,0x00000000fd100000)
  from space 21504K, 98% used [0x00000000fd100000,0x00000000fe59da70,0x00000000fe600000)
  to   space 26112K, 0% used [0x00000000fe680000,0x00000000fe680000,0x0000000100000000)
 ParOldGen       total 220672K, used 56027K [0x00000000e0000000, 0x00000000ed780000, 0x00000000f5580000)
  object space 220672K, 25% used [0x00000000e0000000,0x00000000e36b6fe0,0x00000000ed780000)
 Metaspace       used 73864K, capacity 77478K, committed 77568K, reserved 1116160K
  class space    used 10218K, capacity 10945K, committed 11008K, reserved 1048576K
GC Heap History (10 events):
Event: 14.508 GC heap before
{Heap before GC invocations=12 (full 2):
 PSYoungGen      total 162816K, used 139121K [0x00000000f5580000, 0x0000000100000000, 0x0000000100000000)
  eden space 151040K, 84% used [0x00000000f5580000,0x00000000fd1e15a8,0x00000000fe900000)
  from space 11776K, 99% used [0x00000000fe900000,0x00000000ff47af20,0x00000000ff480000)
  to   space 11776K, 0% used [0x00000000ff480000,0x00000000ff480000,0x0000000100000000)
 ParOldGen       total 175104K, used 26223K [0x00000000e0000000, 0x00000000eab00000, 0x00000000f5580000)
  object space 175104K, 14% used [0x00000000e0000000,0x00000000e199bf68,0x00000000eab00000)
 Metaspace       used 56615K, capacity 59146K, committed 59160K, reserved 1099776K
  class space    used 7811K, capacity 8317K, committed 8320K, reserved 1048576K
Event: 14.541 GC heap after
Heap after GC invocations=12 (full 2):
 PSYoungGen      total 144384K, used 11763K [0x00000000f5580000, 0x0000000100000000, 0x0000000100000000)
  eden space 132608K, 0% used [0x00000000f5580000,0x00000000f5580000,0x00000000fd700000)
  from space 11776K, 99% used [0x00000000ff480000,0x00000000ffffcf10,0x0000000100000000)
  to   space 20992K, 0% used [0x00000000fd700000,0x00000000fd700000,0x00000000feb80000)
 ParOldGen       total 175104K, used 37497K [0x00000000e0000000, 0x00000000eab00000, 0x00000000f5580000)
  object space 175104K, 21% used [0x00000000e0000000,0x00000000e249e7c0,0x00000000eab00000)
 Metaspace       used 56615K, capacity 59146K, committed 59160K, reserved 1099776K
  class space    used 7811K, capacity 8317K, committed 8320K, reserved 1048576K
}
Event: 14.541 GC heap before
{Heap before GC invocations=13 (full 3):
 PSYoungGen      total 144384K, used 11763K [0x00000000f5580000, 0x0000000100000000, 0x0000000100000000)
  eden space 132608K, 0% used [0x00000000f5580000,0x00000000f5580000,0x00000000fd700000)
  from space 11776K, 99% used [0x00000000ff480000,0x00000000ffffcf10,0x0000000100000000)
  to   space 20992K, 0% used [0x00000000fd700000,0x00000000fd700000,0x00000000feb80000)
 ParOldGen       total 175104K, used 37497K [0x00000000e0000000, 0x00000000eab00000, 0x00000000f5580000)
  object space 175104K, 21% used [0x00000000e0000000,0x00000000e249e7c0,0x00000000eab00000)
 Metaspace       used 56615K, capacity 59146K, committed 59160K, reserved 1099776K
  class space    used 7811K, capacity 8317K, committed 8320K, reserved 1048576K
Event: 14.884 GC heap after
Heap after GC invocations=13 (full 3):
 PSYoungGen      total 144384K, used 0K [0x00000000f5580000, 0x0000000100000000, 0x0000000100000000)
  eden space 132608K, 0% used [0x00000000f5580000,0x00000000f5580000,0x00000000fd700000)
  from space 11776K, 0% used [0x00000000ff480000,0x00000000ff480000,0x0000000100000000)
  to   space 20992K, 0% used [0x00000000fd700000,0x00000000fd700000,0x00000000feb80000)
 ParOldGen       total 220672K, used 45806K [0x00000000e0000000, 0x00000000ed780000, 0x00000000f5580000)
  object space 220672K, 20% used [0x00000000e0000000,0x00000000e2cbb9f8,0x00000000ed780000)
 Metaspace       used 56614K, capacity 59140K, committed 59160K, reserved 1099776K
  class space    used 7810K, capacity 8316K, committed 8320K, reserved 1048576K
}
Event: 17.773 GC heap before
{Heap before GC invocations=14 (full 3):
 PSYoungGen      total 144384K, used 132608K [0x00000000f5580000, 0x0000000100000000, 0x0000000100000000)
  eden space 132608K, 100% used [0x00000000f5580000,0x00000000fd700000,0x00000000fd700000)
  from space 11776K, 0% used [0x00000000ff480000,0x00000000ff480000,0x0000000100000000)
  to   space 20992K, 0% used [0x00000000fd700000,0x00000000fd700000,0x00000000feb80000)
 ParOldGen       total 220672K, used 45806K [0x00000000e0000000, 0x00000000ed780000, 0x00000000f5580000)
  object space 220672K, 20% used [0x00000000e0000000,0x00000000e2cbb9f8,0x00000000ed780000)
 Metaspace       used 62192K, capacity 64962K, committed 65152K, reserved 1105920K
  class space    used 8746K, capacity 9293K, committed 9344K, reserved 1048576K
Event: 17.792 GC heap after
Heap after GC invocations=14 (full 3):
 PSYoungGen      total 153600K, used 12112K [0x00000000f5580000, 0x0000000100000000, 0x0000000100000000)
  eden space 132608K, 0% used [0x00000000f5580000,0x00000000f5580000,0x00000000fd700000)
  from space 20992K, 57% used [0x00000000fd700000,0x00000000fe2d4100,0x00000000feb80000)
  to   space 20480K, 0% used [0x00000000fec00000,0x00000000fec00000,0x0000000100000000)
 ParOldGen       total 220672K, used 45814K [0x00000000e0000000, 0x00000000ed780000, 0x00000000f5580000)
  object space 220672K, 20% used [0x00000000e0000000,0x00000000e2cbd9f8,0x00000000ed780000)
 Metaspace       used 62192K, capacity 64962K, committed 65152K, reserved 1105920K
  class space    used 8746K, capacity 9293K, committed 9344K, reserved 1048576K
}
Event: 21.503 GC heap before
{Heap before GC invocations=15 (full 3):
 PSYoungGen      total 153600K, used 144720K [0x00000000f5580000, 0x0000000100000000, 0x0000000100000000)
  eden space 132608K, 100% used [0x00000000f5580000,0x00000000fd700000,0x00000000fd700000)
  from space 20992K, 57% used [0x00000000fd700000,0x00000000fe2d4100,0x00000000feb80000)
  to   space 20480K, 0% used [0x00000000fec00000,0x00000000fec00000,0x0000000100000000)
 ParOldGen       total 220672K, used 45814K [0x00000000e0000000, 0x00000000ed780000, 0x00000000f5580000)
  object space 220672K, 20% used [0x00000000e0000000,0x00000000e2cbd9f8,0x00000000ed780000)
 Metaspace       used 66901K, capacity 70228K, committed 70400K, reserved 1110016K
  class space    used 9495K, capacity 10140K, committed 10240K, reserved 1048576K
Event: 21.533 GC heap after
Heap after GC invocations=15 (full 3):
 PSYoungGen      total 146944K, used 20451K [0x00000000f5580000, 0x0000000100000000, 0x0000000100000000)
  eden space 126464K, 0% used [0x00000000f5580000,0x00000000f5580000,0x00000000fd100000)
  from space 20480K, 99% used [0x00000000fec00000,0x00000000ffff8dd0,0x0000000100000000)
  to   space 24064K, 0% used [0x00000000fd100000,0x00000000fd100000,0x00000000fe880000)
 ParOldGen       total 220672K, used 48351K [0x00000000e0000000, 0x00000000ed780000, 0x00000000f5580000)
  object space 220672K, 21% used [0x00000000e0000000,0x00000000e2f37c30,0x00000000ed780000)
 Metaspace       used 66901K, capacity 70228K, committed 70400K, reserved 1110016K
  class space    used 9495K, capacity 10140K, committed 10240K, reserved 1048576K
}
Event: 415.217 GC heap before
{Heap before GC invocations=16 (full 3):
 PSYoungGen      total 146944K, used 146915K [0x00000000f5580000, 0x0000000100000000, 0x0000000100000000)
  eden space 126464K, 100% used [0x00000000f5580000,0x00000000fd100000,0x00000000fd100000)
  from space 20480K, 99% used [0x00000000fec00000,0x00000000ffff8dd0,0x0000000100000000)
  to   space 24064K, 0% used [0x00000000fd100000,0x00000000fd100000,0x00000000fe880000)
 ParOldGen       total 220672K, used 48351K [0x00000000e0000000, 0x00000000ed780000, 0x00000000f5580000)
  object space 220672K, 21% used [0x00000000e0000000,0x00000000e2f37c30,0x00000000ed780000)
 Metaspace       used 73603K, capacity 77208K, committed 77568K, reserved 1116160K
  class space    used 10202K, capacity 10932K, committed 11008K, reserved 1048576K
Event: 415.287 GC heap after
Heap after GC invocations=16 (full 3):
 PSYoungGen      total 147968K, used 21110K [0x00000000f5580000, 0x0000000100000000, 0x0000000100000000)
  eden space 126464K, 0% used [0x00000000f5580000,0x00000000f5580000,0x00000000fd100000)
  from space 21504K, 98% used [0x00000000fd100000,0x00000000fe59da70,0x00000000fe600000)
  to   space 26112K, 0% used [0x00000000fe680000,0x00000000fe680000,0x0000000100000000)
 ParOldGen       total 220672K, used 56027K [0x00000000e0000000, 0x00000000ed780000, 0x00000000f5580000)
  object space 220672K, 25% used [0x00000000e0000000,0x00000000e36b6fe0,0x00000000ed780000)
 Metaspace       used 73603K, capacity 77208K, committed 77568K, reserved 1116160K
  class space    used 10202K, capacity 10932K, committed 11008K, reserved 1048576K
}

