# JRE version: Java(TM) SE Runtime Environment (8.0_241-b07) (build 1.8.0_241-b07)
# Java VM: Java HotSpot(TM) 64-Bit Server VM (25.241-b07 mixed mode windows-amd64 compressed oops)
Heap:
 PSYoungGen      total 151552K, used 116681K [0x00000000f5580000, 0x0000000100000000, 0x0000000100000000)
  eden space 128512K, 73% used [0x00000000f5580000,0x00000000fb138c40,0x00000000fd300000)
  from space 23040K, 98% used [0x00000000fd300000,0x00000000fe939810,0x00000000fe980000)
  to   space 23040K, 0% used [0x00000000fe980000,0x00000000fe980000,0x0000000100000000)
 ParOldGen       total 200704K, used 37304K [0x00000000e0000000, 0x00000000ec400000, 0x00000000f5580000)
  object space 200704K, 18% used [0x00000000e0000000,0x00000000e246e340,0x00000000ec400000)
 Metaspace       used 73713K, capacity 77288K, committed 77568K, reserved 1116160K
  class space    used 10212K, capacity 10910K, committed 11008K, reserved 1048576K
GC Heap History (10 events):
Event: 10.777 GC heap before
{Heap before GC invocations=10 (full 2):
 PSYoungGen      total 158720K, used 154552K [0x00000000f5580000, 0x00000000fff00000, 0x0000000100000000)
  eden space 143872K, 100% used [0x00000000f5580000,0x00000000fe200000,0x00000000fe200000)
  from space 14848K, 71% used [0x00000000fe200000,0x00000000fec6e250,0x00000000ff080000)
  to   space 14848K, 0% used [0x00000000ff080000,0x00000000ff080000,0x00000000fff00000)
 ParOldGen       total 175104K, used 15427K [0x00000000e0000000, 0x00000000eab00000, 0x00000000f5580000)
  object space 175104K, 8% used [0x00000000e0000000,0x00000000e0f10de0,0x00000000eab00000)
 Metaspace       used 51337K, capacity 53410K, committed 53632K, reserved 1095680K
  class space    used 6988K, capacity 7429K, committed 7552K, reserved 1048576K
Event: 10.814 GC heap after
Heap after GC invocations=10 (full 2):
 PSYoungGen      total 150528K, used 14843K [0x00000000f5580000, 0x0000000100000000, 0x0000000100000000)
  eden space 135680K, 0% used [0x00000000f5580000,0x00000000f5580000,0x00000000fda00000)
  from space 14848K, 99% used [0x00000000ff080000,0x00000000ffefef30,0x00000000fff00000)
  to   space 19456K, 0% used [0x00000000fda00000,0x00000000fda00000,0x00000000fed00000)
 ParOldGen       total 175104K, used 22631K [0x00000000e0000000, 0x00000000eab00000, 0x00000000f5580000)
  object space 175104K, 12% used [0x00000000e0000000,0x00000000e1619e58,0x00000000eab00000)
 Metaspace       used 51337K, capacity 53410K, committed 53632K, reserved 1095680K
  class space    used 6988K, capacity 7429K, committed 7552K, reserved 1048576K
}
Event: 12.627 GC heap before
{Heap before GC invocations=11 (full 2):
 PSYoungGen      total 150528K, used 120058K [0x00000000f5580000, 0x0000000100000000, 0x0000000100000000)
  eden space 135680K, 77% used [0x00000000f5580000,0x00000000fbc3fa68,0x00000000fda00000)
  from space 14848K, 99% used [0x00000000ff080000,0x00000000ffefef30,0x00000000fff00000)
  to   space 19456K, 0% used [0x00000000fda00000,0x00000000fda00000,0x00000000fed00000)
 ParOldGen       total 175104K, used 22631K [0x00000000e0000000, 0x00000000eab00000, 0x00000000f5580000)
  object space 175104K, 12% used [0x00000000e0000000,0x00000000e1619e58,0x00000000eab00000)
 Metaspace       used 56553K, capacity 59146K, committed 59160K, reserved 1099776K
  class space    used 7810K, capacity 8320K, committed 8320K, reserved 1048576K
Event: 12.664 GC heap after
Heap after GC invocations=11 (full 2):
 PSYoungGen      total 155136K, used 19435K [0x00000000f5580000, 0x0000000100000000, 0x0000000100000000)
  eden space 135680K, 0% used [0x00000000f5580000,0x00000000f5580000,0x00000000fda00000)
  from space 19456K, 99% used [0x00000000fda00000,0x00000000fecfaf40,0x00000000fed00000)
  to   space 19456K, 0% used [0x00000000fed00000,0x00000000fed00000,0x0000000100000000)
 ParOldGen       total 175104K, used 27523K [0x00000000e0000000, 0x00000000eab00000, 0x00000000f5580000)
  object space 175104K, 15% used [0x00000000e0000000,0x00000000e1ae0d80,0x00000000eab00000)
 Metaspace       used 56553K, capacity 59146K, committed 59160K, reserved 1099776K
  class space    used 7810K, capacity 8320K, committed 8320K, reserved 1048576K
}
Event: 12.664 GC heap before
{Heap before GC invocations=12 (full 3):
 PSYoungGen      total 155136K, used 19435K [0x00000000f5580000, 0x0000000100000000, 0x0000000100000000)
  eden space 135680K, 0% used [0x00000000f5580000,0x00000000f5580000,0x00000000fda00000)
  from space 19456K, 99% used [0x00000000fda00000,0x00000000fecfaf40,0x00000000fed00000)
  to   space 19456K, 0% used [0x00000000fed00000,0x00000000fed00000,0x0000000100000000)
 ParOldGen       total 175104K, used 27523K [0x00000000e0000000, 0x00000000eab00000, 0x00000000f5580000)
  object space 175104K, 15% used [0x00000000e0000000,0x00000000e1ae0d80,0x00000000eab00000)
 Metaspace       used 56553K, capacity 59146K, committed 59160K, reserved 1099776K
  class space    used 7810K, capacity 8320K, committed 8320K, reserved 1048576K
Event: 12.981 GC heap after
Heap after GC invocations=12 (full 3):
 PSYoungGen      total 155136K, used 0K [0x00000000f5580000, 0x0000000100000000, 0x0000000100000000)
  eden space 135680K, 0% used [0x00000000f5580000,0x00000000f5580000,0x00000000fda00000)
  from space 19456K, 0% used [0x00000000fda00000,0x00000000fda00000,0x00000000fed00000)
  to   space 19456K, 0% used [0x00000000fed00000,0x00000000fed00000,0x0000000100000000)
 ParOldGen       total 200704K, used 37288K [0x00000000e0000000, 0x00000000ec400000, 0x00000000f5580000)
  object space 200704K, 18% used [0x00000000e0000000,0x00000000e246a340,0x00000000ec400000)
 Metaspace       used 56543K, capacity 59110K, committed 59160K, reserved 1099776K
  class space    used 7807K, capacity 8314K, committed 8320K, reserved 1048576K
}
Event: 14.887 GC heap before
{Heap before GC invocations=13 (full 3):
 PSYoungGen      total 155136K, used 135680K [0x00000000f5580000, 0x0000000100000000, 0x0000000100000000)
  eden space 135680K, 100% used [0x00000000f5580000,0x00000000fda00000,0x00000000fda00000)
  from space 19456K, 0% used [0x00000000fda00000,0x00000000fda00000,0x00000000fed00000)
  to   space 19456K, 0% used [0x00000000fed00000,0x00000000fed00000,0x0000000100000000)
 ParOldGen       total 200704K, used 37288K [0x00000000e0000000, 0x00000000ec400000, 0x00000000f5580000)
  object space 200704K, 18% used [0x00000000e0000000,0x00000000e246a340,0x00000000ec400000)
 Metaspace       used 62258K, capacity 65102K, committed 65152K, reserved 1105920K
  class space    used 8762K, capacity 9333K, committed 9344K, reserved 1048576K
Event: 14.911 GC heap after
Heap after GC invocations=13 (full 3):
 PSYoungGen      total 147968K, used 12493K [0x00000000f5580000, 0x0000000100000000, 0x0000000100000000)
  eden space 128512K, 0% used [0x00000000f5580000,0x00000000f5580000,0x00000000fd300000)
  from space 19456K, 64% used [0x00000000fed00000,0x00000000ff9337f8,0x0000000100000000)
  to   space 23040K, 0% used [0x00000000fd300000,0x00000000fd300000,0x00000000fe980000)
 ParOldGen       total 200704K, used 37296K [0x00000000e0000000, 0x00000000ec400000, 0x00000000f5580000)
  object space 200704K, 18% used [0x00000000e0000000,0x00000000e246c340,0x00000000ec400000)
 Metaspace       used 62258K, capacity 65102K, committed 65152K, reserved 1105920K
  class space    used 8762K, capacity 9333K, committed 9344K, reserved 1048576K
}
Event: 17.479 GC heap before
{Heap before GC invocations=14 (full 3):
 PSYoungGen      total 147968K, used 141005K [0x00000000f5580000, 0x0000000100000000, 0x0000000100000000)
  eden space 128512K, 100% used [0x00000000f5580000,0x00000000fd300000,0x00000000fd300000)
  from space 19456K, 64% used [0x00000000fed00000,0x00000000ff9337f8,0x0000000100000000)
  to   space 23040K, 0% used [0x00000000fd300000,0x00000000fd300000,0x00000000fe980000)
 ParOldGen       total 200704K, used 37296K [0x00000000e0000000, 0x00000000ec400000, 0x00000000f5580000)
  object space 200704K, 18% used [0x00000000e0000000,0x00000000e246c340,0x00000000ec400000)
 Metaspace       used 66778K, capacity 70144K, committed 70400K, reserved 1110016K
  class space    used 9482K, capacity 10138K, committed 10240K, reserved 1048576K
Event: 17.507 GC heap after
Heap after GC invocations=14 (full 3):
 PSYoungGen      total 151552K, used 22758K [0x00000000f5580000, 0x0000000100000000, 0x0000000100000000)
  eden space 128512K, 0% used [0x00000000f5580000,0x00000000f5580000,0x00000000fd300000)
  from space 23040K, 98% used [0x00000000fd300000,0x00000000fe939810,0x00000000fe980000)
  to   space 23040K, 0% used [0x00000000fe980000,0x00000000fe980000,0x0000000100000000)
 ParOldGen       total 200704K, used 37304K [0x00000000e0000000, 0x00000000ec400000, 0x00000000f5580000)
  object space 200704K, 18% used [0x00000000e0000000,0x00000000e246e340,0x00000000ec400000)
 Metaspace       used 66778K, capacity 70144K, committed 70400K, reserved 1110016K
  class space    used 9482K, capacity 10138K, committed 10240K, reserved 1048576K
}

