# JRE version: Java(TM) SE Runtime Environment (8.0_241-b07) (build 1.8.0_241-b07)
# Java VM: Java HotSpot(TM) 64-Bit Server VM (25.241-b07 mixed mode windows-amd64 compressed oops)
Heap:
 PSYoungGen      total 138240K, used 65879K [0x00000000f5580000, 0x0000000100000000, 0x0000000100000000)
  eden space 115200K, 37% used [0x00000000f5580000,0x00000000f7f59980,0x00000000fc600000)
  from space 23040K, 99% used [0x00000000fe980000,0x00000000ffffc540,0x0000000100000000)
  to   space 29696K, 0% used [0x00000000fc600000,0x00000000fc600000,0x00000000fe300000)
 ParOldGen       total 213504K, used 42511K [0x00000000e0000000, 0x00000000ed080000, 0x00000000f5580000)
  object space 213504K, 19% used [0x00000000e0000000,0x00000000e2983f58,0x00000000ed080000)
 Metaspace       used 73874K, capacity 77520K, committed 77824K, reserved 1116160K
  class space    used 10218K, capacity 10944K, committed 11008K, reserved 1048576K
GC Heap History (10 events):
Event: 13.368 GC heap before
{Heap before GC invocations=11 (full 2):
 PSYoungGen      total 150528K, used 119603K [0x00000000f5580000, 0x0000000100000000, 0x0000000100000000)
  eden space 135680K, 77% used [0x00000000f5580000,0x00000000fbbcdf28,0x00000000fda00000)
  from space 14848K, 99% used [0x00000000ff080000,0x00000000ffefef30,0x00000000fff00000)
  to   space 19456K, 0% used [0x00000000fda00000,0x00000000fda00000,0x00000000fed00000)
 ParOldGen       total 175104K, used 22480K [0x00000000e0000000, 0x00000000eab00000, 0x00000000f5580000)
  object space 175104K, 12% used [0x00000000e0000000,0x00000000e15f4280,0x00000000eab00000)
 Metaspace       used 56488K, capacity 59088K, committed 59160K, reserved 1099776K
  class space    used 7803K, capacity 8320K, committed 8320K, reserved 1048576K
Event: 13.407 GC heap after
Heap after GC invocations=11 (full 2):
 PSYoungGen      total 155136K, used 19435K [0x00000000f5580000, 0x0000000100000000, 0x0000000100000000)
  eden space 135680K, 0% used [0x00000000f5580000,0x00000000f5580000,0x00000000fda00000)
  from space 19456K, 99% used [0x00000000fda00000,0x00000000fecfaf20,0x00000000fed00000)
  to   space 19456K, 0% used [0x00000000fed00000,0x00000000fed00000,0x0000000100000000)
 ParOldGen       total 175104K, used 27173K [0x00000000e0000000, 0x00000000eab00000, 0x00000000f5580000)
  object space 175104K, 15% used [0x00000000e0000000,0x00000000e1a89568,0x00000000eab00000)
 Metaspace       used 56488K, capacity 59088K, committed 59160K, reserved 1099776K
  class space    used 7803K, capacity 8320K, committed 8320K, reserved 1048576K
}
Event: 13.407 GC heap before
{Heap before GC invocations=12 (full 3):
 PSYoungGen      total 155136K, used 19435K [0x00000000f5580000, 0x0000000100000000, 0x0000000100000000)
  eden space 135680K, 0% used [0x00000000f5580000,0x00000000f5580000,0x00000000fda00000)
  from space 19456K, 99% used [0x00000000fda00000,0x00000000fecfaf20,0x00000000fed00000)
  to   space 19456K, 0% used [0x00000000fed00000,0x00000000fed00000,0x0000000100000000)
 ParOldGen       total 175104K, used 27173K [0x00000000e0000000, 0x00000000eab00000, 0x00000000f5580000)
  object space 175104K, 15% used [0x00000000e0000000,0x00000000e1a89568,0x00000000eab00000)
 Metaspace       used 56488K, capacity 59088K, committed 59160K, reserved 1099776K
  class space    used 7803K, capacity 8320K, committed 8320K, reserved 1048576K
Event: 13.717 GC heap after
Heap after GC invocations=12 (full 3):
 PSYoungGen      total 155136K, used 0K [0x00000000f5580000, 0x0000000100000000, 0x0000000100000000)
  eden space 135680K, 0% used [0x00000000f5580000,0x00000000f5580000,0x00000000fda00000)
  from space 19456K, 0% used [0x00000000fda00000,0x00000000fda00000,0x00000000fed00000)
  to   space 19456K, 0% used [0x00000000fed00000,0x00000000fed00000,0x0000000100000000)
 ParOldGen       total 213504K, used 37147K [0x00000000e0000000, 0x00000000ed080000, 0x00000000f5580000)
  object space 213504K, 17% used [0x00000000e0000000,0x00000000e2446ee8,0x00000000ed080000)
 Metaspace       used 56473K, capacity 59040K, committed 59160K, reserved 1099776K
  class space    used 7799K, capacity 8312K, committed 8320K, reserved 1048576K
}
Event: 15.517 GC heap before
{Heap before GC invocations=13 (full 3):
 PSYoungGen      total 155136K, used 135680K [0x00000000f5580000, 0x0000000100000000, 0x0000000100000000)
  eden space 135680K, 100% used [0x00000000f5580000,0x00000000fda00000,0x00000000fda00000)
  from space 19456K, 0% used [0x00000000fda00000,0x00000000fda00000,0x00000000fed00000)
  to   space 19456K, 0% used [0x00000000fed00000,0x00000000fed00000,0x0000000100000000)
 ParOldGen       total 213504K, used 37147K [0x00000000e0000000, 0x00000000ed080000, 0x00000000f5580000)
  object space 213504K, 17% used [0x00000000e0000000,0x00000000e2446ee8,0x00000000ed080000)
 Metaspace       used 62268K, capacity 65106K, committed 65152K, reserved 1105920K
  class space    used 8766K, capacity 9333K, committed 9344K, reserved 1048576K
Event: 15.547 GC heap after
Heap after GC invocations=13 (full 3):
 PSYoungGen      total 147968K, used 12568K [0x00000000f5580000, 0x0000000100000000, 0x0000000100000000)
  eden space 128512K, 0% used [0x00000000f5580000,0x00000000f5580000,0x00000000fd300000)
  from space 19456K, 64% used [0x00000000fed00000,0x00000000ff946178,0x0000000100000000)
  to   space 23040K, 0% used [0x00000000fd300000,0x00000000fd300000,0x00000000fe980000)
 ParOldGen       total 213504K, used 37147K [0x00000000e0000000, 0x00000000ed080000, 0x00000000f5580000)
  object space 213504K, 17% used [0x00000000e0000000,0x00000000e2446ee8,0x00000000ed080000)
 Metaspace       used 62268K, capacity 65106K, committed 65152K, reserved 1105920K
  class space    used 8766K, capacity 9333K, committed 9344K, reserved 1048576K
}
Event: 17.514 GC heap before
{Heap before GC invocations=14 (full 3):
 PSYoungGen      total 147968K, used 141080K [0x00000000f5580000, 0x0000000100000000, 0x0000000100000000)
  eden space 128512K, 100% used [0x00000000f5580000,0x00000000fd300000,0x00000000fd300000)
  from space 19456K, 64% used [0x00000000fed00000,0x00000000ff946178,0x0000000100000000)
  to   space 23040K, 0% used [0x00000000fd300000,0x00000000fd300000,0x00000000fe980000)
 ParOldGen       total 213504K, used 37147K [0x00000000e0000000, 0x00000000ed080000, 0x00000000f5580000)
  object space 213504K, 17% used [0x00000000e0000000,0x00000000e2446ee8,0x00000000ed080000)
 Metaspace       used 66750K, capacity 70140K, committed 70400K, reserved 1110016K
  class space    used 9485K, capacity 10138K, committed 10240K, reserved 1048576K
Event: 17.538 GC heap after
Heap after GC invocations=14 (full 3):
 PSYoungGen      total 151552K, used 22791K [0x00000000f5580000, 0x0000000100000000, 0x0000000100000000)
  eden space 128512K, 0% used [0x00000000f5580000,0x00000000f5580000,0x00000000fd300000)
  from space 23040K, 98% used [0x00000000fd300000,0x00000000fe941e28,0x00000000fe980000)
  to   space 23040K, 0% used [0x00000000fe980000,0x00000000fe980000,0x0000000100000000)
 ParOldGen       total 213504K, used 37155K [0x00000000e0000000, 0x00000000ed080000, 0x00000000f5580000)
  object space 213504K, 17% used [0x00000000e0000000,0x00000000e2448ee8,0x00000000ed080000)
 Metaspace       used 66750K, capacity 70140K, committed 70400K, reserved 1110016K
  class space    used 9485K, capacity 10138K, committed 10240K, reserved 1048576K
}
Event: 2859.729 GC heap before
{Heap before GC invocations=15 (full 3):
 PSYoungGen      total 151552K, used 151303K [0x00000000f5580000, 0x0000000100000000, 0x0000000100000000)
  eden space 128512K, 100% used [0x00000000f5580000,0x00000000fd300000,0x00000000fd300000)
  from space 23040K, 98% used [0x00000000fd300000,0x00000000fe941e28,0x00000000fe980000)
  to   space 23040K, 0% used [0x00000000fe980000,0x00000000fe980000,0x0000000100000000)
 ParOldGen       total 213504K, used 37155K [0x00000000e0000000, 0x00000000ed080000, 0x00000000f5580000)
  object space 213504K, 17% used [0x00000000e0000000,0x00000000e2448ee8,0x00000000ed080000)
 Metaspace       used 73738K, capacity 77314K, committed 77568K, reserved 1116160K
  class space    used 10203K, capacity 10931K, committed 11008K, reserved 1048576K
Event: 2860.443 GC heap after
Heap after GC invocations=15 (full 3):
 PSYoungGen      total 138240K, used 23025K [0x00000000f5580000, 0x0000000100000000, 0x0000000100000000)
  eden space 115200K, 0% used [0x00000000f5580000,0x00000000f5580000,0x00000000fc600000)
  from space 23040K, 99% used [0x00000000fe980000,0x00000000ffffc540,0x0000000100000000)
  to   space 29696K, 0% used [0x00000000fc600000,0x00000000fc600000,0x00000000fe300000)
 ParOldGen       total 213504K, used 42511K [0x00000000e0000000, 0x00000000ed080000, 0x00000000f5580000)
  object space 213504K, 19% used [0x00000000e0000000,0x00000000e2983f58,0x00000000ed080000)
 Metaspace       used 73738K, capacity 77314K, committed 77568K, reserved 1116160K
  class space    used 10203K, capacity 10931K, committed 11008K, reserved 1048576K
}

