# JRE version: Java(TM) SE Runtime Environment (8.0_241-b07) (build 1.8.0_241-b07)
# Java VM: Java HotSpot(TM) 64-Bit Server VM (25.241-b07 mixed mode windows-amd64 compressed oops)
Heap:
 PSYoungGen      total 144384K, used 12842K [0x00000000f5580000, 0x0000000100000000, 0x0000000100000000)
  eden space 132608K, 9% used [0x00000000f5580000,0x00000000f620a820,0x00000000fd700000)
  from space 11776K, 0% used [0x00000000ff480000,0x00000000ff480000,0x0000000100000000)
  to   space 20992K, 0% used [0x00000000fd700000,0x00000000fd700000,0x00000000feb80000)
 ParOldGen       total 218112K, used 40964K [0x00000000e0000000, 0x00000000ed500000, 0x00000000f5580000)
  object space 218112K, 18% used [0x00000000e0000000,0x00000000e2801000,0x00000000ed500000)
 Metaspace       used 56735K, capacity 59230K, committed 59544K, reserved 1099776K
  class space    used 7829K, capacity 8350K, committed 8448K, reserved 1048576K
GC Heap History (10 events):
Event: 16.596 GC heap before
{Heap before GC invocations=9 (full 2):
 PSYoungGen      total 121344K, used 9109K [0x00000000f5580000, 0x0000000100000000, 0x0000000100000000)
  eden space 109568K, 0% used [0x00000000f5580000,0x00000000f5580000,0x00000000fc080000)
  from space 11776K, 77% used [0x00000000fc080000,0x00000000fc9657c0,0x00000000fcc00000)
  to   space 11776K, 0% used [0x00000000ff480000,0x00000000ff480000,0x0000000100000000)
 ParOldGen       total 175104K, used 6897K [0x00000000e0000000, 0x00000000eab00000, 0x00000000f5580000)
  object space 175104K, 3% used [0x00000000e0000000,0x00000000e06bc4e8,0x00000000eab00000)
 Metaspace       used 34369K, capacity 35352K, committed 35496K, reserved 1079296K
  class space    used 4815K, capacity 5037K, committed 5120K, reserved 1048576K
Event: 16.713 GC heap after
Heap after GC invocations=9 (full 2):
 PSYoungGen      total 121344K, used 0K [0x00000000f5580000, 0x0000000100000000, 0x0000000100000000)
  eden space 109568K, 0% used [0x00000000f5580000,0x00000000f5580000,0x00000000fc080000)
  from space 11776K, 0% used [0x00000000fc080000,0x00000000fc080000,0x00000000fcc00000)
  to   space 11776K, 0% used [0x00000000ff480000,0x00000000ff480000,0x0000000100000000)
 ParOldGen       total 175104K, used 15384K [0x00000000e0000000, 0x00000000eab00000, 0x00000000f5580000)
  object space 175104K, 8% used [0x00000000e0000000,0x00000000e0f06160,0x00000000eab00000)
 Metaspace       used 34369K, capacity 35352K, committed 35496K, reserved 1079296K
  class space    used 4815K, capacity 5037K, committed 5120K, reserved 1048576K
}
Event: 20.217 GC heap before
{Heap before GC invocations=10 (full 2):
 PSYoungGen      total 121344K, used 109568K [0x00000000f5580000, 0x0000000100000000, 0x0000000100000000)
  eden space 109568K, 100% used [0x00000000f5580000,0x00000000fc080000,0x00000000fc080000)
  from space 11776K, 0% used [0x00000000fc080000,0x00000000fc080000,0x00000000fcc00000)
  to   space 11776K, 0% used [0x00000000ff480000,0x00000000ff480000,0x0000000100000000)
 ParOldGen       total 175104K, used 15384K [0x00000000e0000000, 0x00000000eab00000, 0x00000000f5580000)
  object space 175104K, 8% used [0x00000000e0000000,0x00000000e0f06160,0x00000000eab00000)
 Metaspace       used 38382K, capacity 40038K, committed 40320K, reserved 1083392K
  class space    used 5351K, capacity 5725K, committed 5760K, reserved 1048576K
Event: 20.249 GC heap after
Heap after GC invocations=10 (full 2):
 PSYoungGen      total 162816K, used 7618K [0x00000000f5580000, 0x0000000100000000, 0x0000000100000000)
  eden space 151040K, 0% used [0x00000000f5580000,0x00000000f5580000,0x00000000fe900000)
  from space 11776K, 64% used [0x00000000ff480000,0x00000000ffbf0bc0,0x0000000100000000)
  to   space 11776K, 0% used [0x00000000fe900000,0x00000000fe900000,0x00000000ff480000)
 ParOldGen       total 175104K, used 15456K [0x00000000e0000000, 0x00000000eab00000, 0x00000000f5580000)
  object space 175104K, 8% used [0x00000000e0000000,0x00000000e0f18170,0x00000000eab00000)
 Metaspace       used 38382K, capacity 40038K, committed 40320K, reserved 1083392K
  class space    used 5351K, capacity 5725K, committed 5760K, reserved 1048576K
}
Event: 25.737 GC heap before
{Heap before GC invocations=11 (full 2):
 PSYoungGen      total 162816K, used 158658K [0x00000000f5580000, 0x0000000100000000, 0x0000000100000000)
  eden space 151040K, 100% used [0x00000000f5580000,0x00000000fe900000,0x00000000fe900000)
  from space 11776K, 64% used [0x00000000ff480000,0x00000000ffbf0bc0,0x0000000100000000)
  to   space 11776K, 0% used [0x00000000fe900000,0x00000000fe900000,0x00000000ff480000)
 ParOldGen       total 175104K, used 15456K [0x00000000e0000000, 0x00000000eab00000, 0x00000000f5580000)
  object space 175104K, 8% used [0x00000000e0000000,0x00000000e0f18170,0x00000000eab00000)
 Metaspace       used 51101K, capacity 53142K, committed 53248K, reserved 1095680K
  class space    used 6951K, capacity 7387K, committed 7424K, reserved 1048576K
Event: 25.839 GC heap after
Heap after GC invocations=11 (full 2):
 PSYoungGen      total 162816K, used 11771K [0x00000000f5580000, 0x0000000100000000, 0x0000000100000000)
  eden space 151040K, 0% used [0x00000000f5580000,0x00000000f5580000,0x00000000fe900000)
  from space 11776K, 99% used [0x00000000fe900000,0x00000000ff47ef20,0x00000000ff480000)
  to   space 11776K, 0% used [0x00000000ff480000,0x00000000ff480000,0x0000000100000000)
 ParOldGen       total 175104K, used 26574K [0x00000000e0000000, 0x00000000eab00000, 0x00000000f5580000)
  object space 175104K, 15% used [0x00000000e0000000,0x00000000e19f38e8,0x00000000eab00000)
 Metaspace       used 51101K, capacity 53142K, committed 53248K, reserved 1095680K
  class space    used 6951K, capacity 7387K, committed 7424K, reserved 1048576K
}
Event: 30.286 GC heap before
{Heap before GC invocations=12 (full 2):
 PSYoungGen      total 162816K, used 137724K [0x00000000f5580000, 0x0000000100000000, 0x0000000100000000)
  eden space 151040K, 83% used [0x00000000f5580000,0x00000000fd080430,0x00000000fe900000)
  from space 11776K, 99% used [0x00000000fe900000,0x00000000ff47ef20,0x00000000ff480000)
  to   space 11776K, 0% used [0x00000000ff480000,0x00000000ff480000,0x0000000100000000)
 ParOldGen       total 175104K, used 26574K [0x00000000e0000000, 0x00000000eab00000, 0x00000000f5580000)
  object space 175104K, 15% used [0x00000000e0000000,0x00000000e19f38e8,0x00000000eab00000)
 Metaspace       used 56616K, capacity 59128K, committed 59160K, reserved 1099776K
  class space    used 7811K, capacity 8316K, committed 8320K, reserved 1048576K
Event: 30.425 GC heap after
Heap after GC invocations=12 (full 2):
 PSYoungGen      total 144384K, used 11763K [0x00000000f5580000, 0x0000000100000000, 0x0000000100000000)
  eden space 132608K, 0% used [0x00000000f5580000,0x00000000f5580000,0x00000000fd700000)
  from space 11776K, 99% used [0x00000000ff480000,0x00000000ffffcf00,0x0000000100000000)
  to   space 20992K, 0% used [0x00000000fd700000,0x00000000fd700000,0x00000000feb80000)
 ParOldGen       total 175104K, used 37583K [0x00000000e0000000, 0x00000000eab00000, 0x00000000f5580000)
  object space 175104K, 21% used [0x00000000e0000000,0x00000000e24b3e20,0x00000000eab00000)
 Metaspace       used 56616K, capacity 59128K, committed 59160K, reserved 1099776K
  class space    used 7811K, capacity 8316K, committed 8320K, reserved 1048576K
}
Event: 30.425 GC heap before
{Heap before GC invocations=13 (full 3):
 PSYoungGen      total 144384K, used 11763K [0x00000000f5580000, 0x0000000100000000, 0x0000000100000000)
  eden space 132608K, 0% used [0x00000000f5580000,0x00000000f5580000,0x00000000fd700000)
  from space 11776K, 99% used [0x00000000ff480000,0x00000000ffffcf00,0x0000000100000000)
  to   space 20992K, 0% used [0x00000000fd700000,0x00000000fd700000,0x00000000feb80000)
 ParOldGen       total 175104K, used 37583K [0x00000000e0000000, 0x00000000eab00000, 0x00000000f5580000)
  object space 175104K, 21% used [0x00000000e0000000,0x00000000e24b3e20,0x00000000eab00000)
 Metaspace       used 56616K, capacity 59128K, committed 59160K, reserved 1099776K
  class space    used 7811K, capacity 8316K, committed 8320K, reserved 1048576K
Event: 31.253 GC heap after
Heap after GC invocations=13 (full 3):
 PSYoungGen      total 144384K, used 0K [0x00000000f5580000, 0x0000000100000000, 0x0000000100000000)
  eden space 132608K, 0% used [0x00000000f5580000,0x00000000f5580000,0x00000000fd700000)
  from space 11776K, 0% used [0x00000000ff480000,0x00000000ff480000,0x0000000100000000)
  to   space 20992K, 0% used [0x00000000fd700000,0x00000000fd700000,0x00000000feb80000)
 ParOldGen       total 218112K, used 40964K [0x00000000e0000000, 0x00000000ed500000, 0x00000000f5580000)
  object space 218112K, 18% used [0x00000000e0000000,0x00000000e2801000,0x00000000ed500000)
 Metaspace       used 56616K, capacity 59128K, committed 59160K, reserved 1099776K
  class space    used 7811K, capacity 8316K, committed 8320K, reserved 1048576K
}

