# JRE version: Java(TM) SE Runtime Environment (8.0_241-b07) (build 1.8.0_241-b07)
# Java VM: Java HotSpot(TM) 64-Bit Server VM (25.241-b07 mixed mode windows-amd64 compressed oops)
Heap:
 PSYoungGen      total 148480K, used 140885K [0x00000000f5580000, 0x0000000100000000, 0x0000000100000000)
  eden space 124416K, 93% used [0x00000000f5580000,0x00000000fc795c28,0x00000000fcf00000)
  from space 24064K, 99% used [0x00000000fd100000,0x00000000fe87fa60,0x00000000fe880000)
  to   space 24064K, 0% used [0x00000000fe880000,0x00000000fe880000,0x0000000100000000)
 ParOldGen       total 245248K, used 44372K [0x00000000e0000000, 0x00000000eef80000, 0x00000000f5580000)
  object space 245248K, 18% used [0x00000000e0000000,0x00000000e2b553f0,0x00000000eef80000)
 Metaspace       used 73905K, capacity 77540K, committed 77824K, reserved 1116160K
  class space    used 10209K, capacity 10908K, committed 11008K, reserved 1048576K
GC Heap History (10 events):
Event: 18.039 GC heap before
{Heap before GC invocations=12 (full 2):
 PSYoungGen      total 159232K, used 144350K [0x00000000f5580000, 0x0000000100000000, 0x0000000100000000)
  eden space 147456K, 89% used [0x00000000f5580000,0x00000000fd6f8cd0,0x00000000fe580000)
  from space 11776K, 99% used [0x00000000fe580000,0x00000000ff0fef00,0x00000000ff100000)
  to   space 15360K, 0% used [0x00000000ff100000,0x00000000ff100000,0x0000000100000000)
 ParOldGen       total 175104K, used 25913K [0x00000000e0000000, 0x00000000eab00000, 0x00000000f5580000)
  object space 175104K, 14% used [0x00000000e0000000,0x00000000e194e598,0x00000000eab00000)
 Metaspace       used 56473K, capacity 59020K, committed 59160K, reserved 1099776K
  class space    used 7793K, capacity 8292K, committed 8320K, reserved 1048576K
Event: 18.069 GC heap after
Heap after GC invocations=12 (full 2):
 PSYoungGen      total 147968K, used 15355K [0x00000000f5580000, 0x0000000100000000, 0x0000000100000000)
  eden space 132608K, 0% used [0x00000000f5580000,0x00000000f5580000,0x00000000fd700000)
  from space 15360K, 99% used [0x00000000ff100000,0x00000000ffffef00,0x0000000100000000)
  to   space 20992K, 0% used [0x00000000fd700000,0x00000000fd700000,0x00000000feb80000)
 ParOldGen       total 175104K, used 33791K [0x00000000e0000000, 0x00000000eab00000, 0x00000000f5580000)
  object space 175104K, 19% used [0x00000000e0000000,0x00000000e20ffc50,0x00000000eab00000)
 Metaspace       used 56473K, capacity 59020K, committed 59160K, reserved 1099776K
  class space    used 7793K, capacity 8292K, committed 8320K, reserved 1048576K
}
Event: 18.069 GC heap before
{Heap before GC invocations=13 (full 3):
 PSYoungGen      total 147968K, used 15355K [0x00000000f5580000, 0x0000000100000000, 0x0000000100000000)
  eden space 132608K, 0% used [0x00000000f5580000,0x00000000f5580000,0x00000000fd700000)
  from space 15360K, 99% used [0x00000000ff100000,0x00000000ffffef00,0x0000000100000000)
  to   space 20992K, 0% used [0x00000000fd700000,0x00000000fd700000,0x00000000feb80000)
 ParOldGen       total 175104K, used 33791K [0x00000000e0000000, 0x00000000eab00000, 0x00000000f5580000)
  object space 175104K, 19% used [0x00000000e0000000,0x00000000e20ffc50,0x00000000eab00000)
 Metaspace       used 56473K, capacity 59020K, committed 59160K, reserved 1099776K
  class space    used 7793K, capacity 8292K, committed 8320K, reserved 1048576K
Event: 18.576 GC heap after
Heap after GC invocations=13 (full 3):
 PSYoungGen      total 147968K, used 0K [0x00000000f5580000, 0x0000000100000000, 0x0000000100000000)
  eden space 132608K, 0% used [0x00000000f5580000,0x00000000f5580000,0x00000000fd700000)
  from space 15360K, 0% used [0x00000000ff100000,0x00000000ff100000,0x0000000100000000)
  to   space 20992K, 0% used [0x00000000fd700000,0x00000000fd700000,0x00000000feb80000)
 ParOldGen       total 245248K, used 37435K [0x00000000e0000000, 0x00000000eef80000, 0x00000000f5580000)
  object space 245248K, 15% used [0x00000000e0000000,0x00000000e248ec58,0x00000000eef80000)
 Metaspace       used 56452K, capacity 58948K, committed 59160K, reserved 1099776K
  class space    used 7786K, capacity 8280K, committed 8320K, reserved 1048576K
}
Event: 21.610 GC heap before
{Heap before GC invocations=14 (full 3):
 PSYoungGen      total 147968K, used 132608K [0x00000000f5580000, 0x0000000100000000, 0x0000000100000000)
  eden space 132608K, 100% used [0x00000000f5580000,0x00000000fd700000,0x00000000fd700000)
  from space 15360K, 0% used [0x00000000ff100000,0x00000000ff100000,0x0000000100000000)
  to   space 20992K, 0% used [0x00000000fd700000,0x00000000fd700000,0x00000000feb80000)
 ParOldGen       total 245248K, used 37435K [0x00000000e0000000, 0x00000000eef80000, 0x00000000f5580000)
  object space 245248K, 15% used [0x00000000e0000000,0x00000000e248ec58,0x00000000eef80000)
 Metaspace       used 62155K, capacity 64956K, committed 65152K, reserved 1105920K
  class space    used 8738K, capacity 9292K, committed 9344K, reserved 1048576K
Event: 21.633 GC heap after
Heap after GC invocations=14 (full 3):
 PSYoungGen      total 153600K, used 12077K [0x00000000f5580000, 0x0000000100000000, 0x0000000100000000)
  eden space 132608K, 0% used [0x00000000f5580000,0x00000000f5580000,0x00000000fd700000)
  from space 20992K, 57% used [0x00000000fd700000,0x00000000fe2cb4d8,0x00000000feb80000)
  to   space 20480K, 0% used [0x00000000fec00000,0x00000000fec00000,0x0000000100000000)
 ParOldGen       total 245248K, used 37443K [0x00000000e0000000, 0x00000000eef80000, 0x00000000f5580000)
  object space 245248K, 15% used [0x00000000e0000000,0x00000000e2490c58,0x00000000eef80000)
 Metaspace       used 62155K, capacity 64956K, committed 65152K, reserved 1105920K
  class space    used 8738K, capacity 9292K, committed 9344K, reserved 1048576K
}
Event: 25.331 GC heap before
{Heap before GC invocations=15 (full 3):
 PSYoungGen      total 153600K, used 144685K [0x00000000f5580000, 0x0000000100000000, 0x0000000100000000)
  eden space 132608K, 100% used [0x00000000f5580000,0x00000000fd700000,0x00000000fd700000)
  from space 20992K, 57% used [0x00000000fd700000,0x00000000fe2cb4d8,0x00000000feb80000)
  to   space 20480K, 0% used [0x00000000fec00000,0x00000000fec00000,0x0000000100000000)
 ParOldGen       total 245248K, used 37443K [0x00000000e0000000, 0x00000000eef80000, 0x00000000f5580000)
  object space 245248K, 15% used [0x00000000e0000000,0x00000000e2490c58,0x00000000eef80000)
 Metaspace       used 66804K, capacity 70206K, committed 70400K, reserved 1110016K
  class space    used 9477K, capacity 10137K, committed 10240K, reserved 1048576K
Event: 25.362 GC heap after
Heap after GC invocations=15 (full 3):
 PSYoungGen      total 146944K, used 20468K [0x00000000f5580000, 0x0000000100000000, 0x0000000100000000)
  eden space 126464K, 0% used [0x00000000f5580000,0x00000000f5580000,0x00000000fd100000)
  from space 20480K, 99% used [0x00000000fec00000,0x00000000ffffd1b0,0x0000000100000000)
  to   space 24064K, 0% used [0x00000000fd100000,0x00000000fd100000,0x00000000fe880000)
 ParOldGen       total 245248K, used 39850K [0x00000000e0000000, 0x00000000eef80000, 0x00000000f5580000)
  object space 245248K, 16% used [0x00000000e0000000,0x00000000e26ea920,0x00000000eef80000)
 Metaspace       used 66804K, capacity 70206K, committed 70400K, reserved 1110016K
  class space    used 9477K, capacity 10137K, committed 10240K, reserved 1048576K
}
Event: 2173.069 GC heap before
{Heap before GC invocations=16 (full 3):
 PSYoungGen      total 146944K, used 146932K [0x00000000f5580000, 0x0000000100000000, 0x0000000100000000)
  eden space 126464K, 100% used [0x00000000f5580000,0x00000000fd100000,0x00000000fd100000)
  from space 20480K, 99% used [0x00000000fec00000,0x00000000ffffd1b0,0x0000000100000000)
  to   space 24064K, 0% used [0x00000000fd100000,0x00000000fd100000,0x00000000fe880000)
 ParOldGen       total 245248K, used 39850K [0x00000000e0000000, 0x00000000eef80000, 0x00000000f5580000)
  object space 245248K, 16% used [0x00000000e0000000,0x00000000e26ea920,0x00000000eef80000)
 Metaspace       used 73772K, capacity 77398K, committed 77824K, reserved 1116160K
  class space    used 10194K, capacity 10895K, committed 11008K, reserved 1048576K
Event: 2173.130 GC heap after
Heap after GC invocations=16 (full 3):
 PSYoungGen      total 148480K, used 24062K [0x00000000f5580000, 0x0000000100000000, 0x0000000100000000)
  eden space 124416K, 0% used [0x00000000f5580000,0x00000000f5580000,0x00000000fcf00000)
  from space 24064K, 99% used [0x00000000fd100000,0x00000000fe87fa60,0x00000000fe880000)
  to   space 24064K, 0% used [0x00000000fe880000,0x00000000fe880000,0x0000000100000000)
 ParOldGen       total 245248K, used 44372K [0x00000000e0000000, 0x00000000eef80000, 0x00000000f5580000)
  object space 245248K, 18% used [0x00000000e0000000,0x00000000e2b553f0,0x00000000eef80000)
 Metaspace       used 73772K, capacity 77398K, committed 77824K, reserved 1116160K
  class space    used 10194K, capacity 10895K, committed 11008K, reserved 1048576K
}

