# JRE version: Java(TM) SE Runtime Environment (8.0_241-b07) (build 1.8.0_241-b07)
# Java VM: Java HotSpot(TM) 64-Bit Server VM (25.241-b07 mixed mode windows-amd64 compressed oops)
Heap:
 PSYoungGen      total 146944K, used 84271K [0x00000000f5580000, 0x0000000100000000, 0x0000000100000000)
  eden space 126464K, 50% used [0x00000000f5580000,0x00000000f93d2fa0,0x00000000fd100000)
  from space 20480K, 99% used [0x00000000fec00000,0x00000000ffff8dd0,0x0000000100000000)
  to   space 24064K, 0% used [0x00000000fd100000,0x00000000fd100000,0x00000000fe880000)
 ParOldGen       total 213504K, used 39998K [0x00000000e0000000, 0x00000000ed080000, 0x00000000f5580000)
  object space 213504K, 18% used [0x00000000e0000000,0x00000000e270f9c0,0x00000000ed080000)
 Metaspace       used 71181K, capacity 74812K, committed 75008K, reserved 1114112K
  class space    used 10054K, capacity 10752K, committed 10752K, reserved 1048576K
GC Heap History (10 events):
Event: 11.782 GC heap before
{Heap before GC invocations=11 (full 2):
 PSYoungGen      total 162816K, used 158579K [0x00000000f5580000, 0x0000000100000000, 0x0000000100000000)
  eden space 151040K, 100% used [0x00000000f5580000,0x00000000fe900000,0x00000000fe900000)
  from space 11776K, 64% used [0x00000000ff480000,0x00000000ffbdce68,0x0000000100000000)
  to   space 11776K, 0% used [0x00000000fe900000,0x00000000fe900000,0x00000000ff480000)
 ParOldGen       total 175104K, used 15451K [0x00000000e0000000, 0x00000000eab00000, 0x00000000f5580000)
  object space 175104K, 8% used [0x00000000e0000000,0x00000000e0f16f18,0x00000000eab00000)
 Metaspace       used 51040K, capacity 53066K, committed 53248K, reserved 1095680K
  class space    used 6946K, capacity 7397K, committed 7424K, reserved 1048576K
Event: 11.821 GC heap after
Heap after GC invocations=11 (full 2):
 PSYoungGen      total 162816K, used 11755K [0x00000000f5580000, 0x0000000100000000, 0x0000000100000000)
  eden space 151040K, 0% used [0x00000000f5580000,0x00000000f5580000,0x00000000fe900000)
  from space 11776K, 99% used [0x00000000fe900000,0x00000000ff47af40,0x00000000ff480000)
  to   space 11776K, 0% used [0x00000000ff480000,0x00000000ff480000,0x0000000100000000)
 ParOldGen       total 175104K, used 26363K [0x00000000e0000000, 0x00000000eab00000, 0x00000000f5580000)
  object space 175104K, 15% used [0x00000000e0000000,0x00000000e19bed08,0x00000000eab00000)
 Metaspace       used 51040K, capacity 53066K, committed 53248K, reserved 1095680K
  class space    used 6946K, capacity 7397K, committed 7424K, reserved 1048576K
}
Event: 13.777 GC heap before
{Heap before GC invocations=12 (full 2):
 PSYoungGen      total 162816K, used 136367K [0x00000000f5580000, 0x0000000100000000, 0x0000000100000000)
  eden space 151040K, 82% used [0x00000000f5580000,0x00000000fcf30e68,0x00000000fe900000)
  from space 11776K, 99% used [0x00000000fe900000,0x00000000ff47af40,0x00000000ff480000)
  to   space 11776K, 0% used [0x00000000ff480000,0x00000000ff480000,0x0000000100000000)
 ParOldGen       total 175104K, used 26363K [0x00000000e0000000, 0x00000000eab00000, 0x00000000f5580000)
  object space 175104K, 15% used [0x00000000e0000000,0x00000000e19bed08,0x00000000eab00000)
 Metaspace       used 56455K, capacity 59014K, committed 59160K, reserved 1099776K
  class space    used 7792K, capacity 8291K, committed 8320K, reserved 1048576K
Event: 13.827 GC heap after
Heap after GC invocations=12 (full 2):
 PSYoungGen      total 144384K, used 11763K [0x00000000f5580000, 0x0000000100000000, 0x0000000100000000)
  eden space 132608K, 0% used [0x00000000f5580000,0x00000000f5580000,0x00000000fd700000)
  from space 11776K, 99% used [0x00000000ff480000,0x00000000ffffcf10,0x0000000100000000)
  to   space 20992K, 0% used [0x00000000fd700000,0x00000000fd700000,0x00000000feb80000)
 ParOldGen       total 175104K, used 37329K [0x00000000e0000000, 0x00000000eab00000, 0x00000000f5580000)
  object space 175104K, 21% used [0x00000000e0000000,0x00000000e2474788,0x00000000eab00000)
 Metaspace       used 56455K, capacity 59014K, committed 59160K, reserved 1099776K
  class space    used 7792K, capacity 8291K, committed 8320K, reserved 1048576K
}
Event: 13.827 GC heap before
{Heap before GC invocations=13 (full 3):
 PSYoungGen      total 144384K, used 11763K [0x00000000f5580000, 0x0000000100000000, 0x0000000100000000)
  eden space 132608K, 0% used [0x00000000f5580000,0x00000000f5580000,0x00000000fd700000)
  from space 11776K, 99% used [0x00000000ff480000,0x00000000ffffcf10,0x0000000100000000)
  to   space 20992K, 0% used [0x00000000fd700000,0x00000000fd700000,0x00000000feb80000)
 ParOldGen       total 175104K, used 37329K [0x00000000e0000000, 0x00000000eab00000, 0x00000000f5580000)
  object space 175104K, 21% used [0x00000000e0000000,0x00000000e2474788,0x00000000eab00000)
 Metaspace       used 56455K, capacity 59014K, committed 59160K, reserved 1099776K
  class space    used 7792K, capacity 8291K, committed 8320K, reserved 1048576K
Event: 14.215 GC heap after
Heap after GC invocations=13 (full 3):
 PSYoungGen      total 144384K, used 0K [0x00000000f5580000, 0x0000000100000000, 0x0000000100000000)
  eden space 132608K, 0% used [0x00000000f5580000,0x00000000f5580000,0x00000000fd700000)
  from space 11776K, 0% used [0x00000000ff480000,0x00000000ff480000,0x0000000100000000)
  to   space 20992K, 0% used [0x00000000fd700000,0x00000000fd700000,0x00000000feb80000)
 ParOldGen       total 213504K, used 37382K [0x00000000e0000000, 0x00000000ed080000, 0x00000000f5580000)
  object space 213504K, 17% used [0x00000000e0000000,0x00000000e2481bb8,0x00000000ed080000)
 Metaspace       used 56436K, capacity 58948K, committed 59160K, reserved 1099776K
  class space    used 7786K, capacity 8280K, committed 8320K, reserved 1048576K
}
Event: 16.044 GC heap before
{Heap before GC invocations=14 (full 3):
 PSYoungGen      total 144384K, used 132608K [0x00000000f5580000, 0x0000000100000000, 0x0000000100000000)
  eden space 132608K, 100% used [0x00000000f5580000,0x00000000fd700000,0x00000000fd700000)
  from space 11776K, 0% used [0x00000000ff480000,0x00000000ff480000,0x0000000100000000)
  to   space 20992K, 0% used [0x00000000fd700000,0x00000000fd700000,0x00000000feb80000)
 ParOldGen       total 213504K, used 37382K [0x00000000e0000000, 0x00000000ed080000, 0x00000000f5580000)
  object space 213504K, 17% used [0x00000000e0000000,0x00000000e2481bb8,0x00000000ed080000)
 Metaspace       used 62133K, capacity 64960K, committed 65152K, reserved 1105920K
  class space    used 8742K, capacity 9292K, committed 9344K, reserved 1048576K
Event: 16.064 GC heap after
Heap after GC invocations=14 (full 3):
 PSYoungGen      total 153600K, used 12110K [0x00000000f5580000, 0x0000000100000000, 0x0000000100000000)
  eden space 132608K, 0% used [0x00000000f5580000,0x00000000f5580000,0x00000000fd700000)
  from space 20992K, 57% used [0x00000000fd700000,0x00000000fe2d3988,0x00000000feb80000)
  to   space 20480K, 0% used [0x00000000fec00000,0x00000000fec00000,0x0000000100000000)
 ParOldGen       total 213504K, used 37390K [0x00000000e0000000, 0x00000000ed080000, 0x00000000f5580000)
  object space 213504K, 17% used [0x00000000e0000000,0x00000000e2483bb8,0x00000000ed080000)
 Metaspace       used 62133K, capacity 64960K, committed 65152K, reserved 1105920K
  class space    used 8742K, capacity 9292K, committed 9344K, reserved 1048576K
}
Event: 18.633 GC heap before
{Heap before GC invocations=15 (full 3):
 PSYoungGen      total 153600K, used 144718K [0x00000000f5580000, 0x0000000100000000, 0x0000000100000000)
  eden space 132608K, 100% used [0x00000000f5580000,0x00000000fd700000,0x00000000fd700000)
  from space 20992K, 57% used [0x00000000fd700000,0x00000000fe2d3988,0x00000000feb80000)
  to   space 20480K, 0% used [0x00000000fec00000,0x00000000fec00000,0x0000000100000000)
 ParOldGen       total 213504K, used 37390K [0x00000000e0000000, 0x00000000ed080000, 0x00000000f5580000)
  object space 213504K, 17% used [0x00000000e0000000,0x00000000e2483bb8,0x00000000ed080000)
 Metaspace       used 66880K, capacity 70282K, committed 70400K, reserved 1110016K
  class space    used 9494K, capacity 10139K, committed 10240K, reserved 1048576K
Event: 18.660 GC heap after
Heap after GC invocations=15 (full 3):
 PSYoungGen      total 146944K, used 20451K [0x00000000f5580000, 0x0000000100000000, 0x0000000100000000)
  eden space 126464K, 0% used [0x00000000f5580000,0x00000000f5580000,0x00000000fd100000)
  from space 20480K, 99% used [0x00000000fec00000,0x00000000ffff8dd0,0x0000000100000000)
  to   space 24064K, 0% used [0x00000000fd100000,0x00000000fd100000,0x00000000fe880000)
 ParOldGen       total 213504K, used 39998K [0x00000000e0000000, 0x00000000ed080000, 0x00000000f5580000)
  object space 213504K, 18% used [0x00000000e0000000,0x00000000e270f9c0,0x00000000ed080000)
 Metaspace       used 66880K, capacity 70282K, committed 70400K, reserved 1110016K
  class space    used 9494K, capacity 10139K, committed 10240K, reserved 1048576K
}

