# JRE version: Java(TM) SE Runtime Environment (8.0_241-b07) (build 1.8.0_241-b07)
# Java VM: Java HotSpot(TM) 64-Bit Server VM (25.241-b07 mixed mode windows-amd64 compressed oops)
Heap:
 PSYoungGen      total 151552K, used 114984K [0x00000000f5580000, 0x0000000100000000, 0x0000000100000000)
  eden space 128512K, 71% used [0x00000000f5580000,0x00000000faf852f0,0x00000000fd300000)
  from space 23040K, 98% used [0x00000000fd300000,0x00000000fe944df8,0x00000000fe980000)
  to   space 23040K, 0% used [0x00000000fe980000,0x00000000fe980000,0x0000000100000000)
 ParOldGen       total 215040K, used 37395K [0x00000000e0000000, 0x00000000ed200000, 0x00000000f5580000)
  object space 215040K, 17% used [0x00000000e0000000,0x00000000e2484e80,0x00000000ed200000)
 Metaspace       used 73726K, capacity 77316K, committed 77568K, reserved 1116160K
  class space    used 10210K, capacity 10940K, committed 11008K, reserved 1048576K
GC Heap History (10 events):
Event: 13.404 GC heap before
{Heap before GC invocations=10 (full 2):
 PSYoungGen      total 158720K, used 154627K [0x00000000f5580000, 0x00000000fff00000, 0x0000000100000000)
  eden space 143872K, 100% used [0x00000000f5580000,0x00000000fe200000,0x00000000fe200000)
  from space 14848K, 72% used [0x00000000fe200000,0x00000000fec80d00,0x00000000ff080000)
  to   space 14848K, 0% used [0x00000000ff080000,0x00000000ff080000,0x00000000fff00000)
 ParOldGen       total 175104K, used 15404K [0x00000000e0000000, 0x00000000eab00000, 0x00000000f5580000)
  object space 175104K, 8% used [0x00000000e0000000,0x00000000e0f0b1f0,0x00000000eab00000)
 Metaspace       used 51256K, capacity 53296K, committed 53632K, reserved 1095680K
  class space    used 6977K, capacity 7429K, committed 7552K, reserved 1048576K
Event: 13.434 GC heap after
Heap after GC invocations=10 (full 2):
 PSYoungGen      total 150528K, used 14827K [0x00000000f5580000, 0x0000000100000000, 0x0000000100000000)
  eden space 135680K, 0% used [0x00000000f5580000,0x00000000f5580000,0x00000000fda00000)
  from space 14848K, 99% used [0x00000000ff080000,0x00000000ffefaf40,0x00000000fff00000)
  to   space 19456K, 0% used [0x00000000fda00000,0x00000000fda00000,0x00000000fed00000)
 ParOldGen       total 175104K, used 22185K [0x00000000e0000000, 0x00000000eab00000, 0x00000000f5580000)
  object space 175104K, 12% used [0x00000000e0000000,0x00000000e15aa660,0x00000000eab00000)
 Metaspace       used 51256K, capacity 53296K, committed 53632K, reserved 1095680K
  class space    used 6977K, capacity 7429K, committed 7552K, reserved 1048576K
}
Event: 15.934 GC heap before
{Heap before GC invocations=11 (full 2):
 PSYoungGen      total 150528K, used 123689K [0x00000000f5580000, 0x0000000100000000, 0x0000000100000000)
  eden space 135680K, 80% used [0x00000000f5580000,0x00000000fbfcf4f8,0x00000000fda00000)
  from space 14848K, 99% used [0x00000000ff080000,0x00000000ffefaf40,0x00000000fff00000)
  to   space 19456K, 0% used [0x00000000fda00000,0x00000000fda00000,0x00000000fed00000)
 ParOldGen       total 175104K, used 22185K [0x00000000e0000000, 0x00000000eab00000, 0x00000000f5580000)
  object space 175104K, 12% used [0x00000000e0000000,0x00000000e15aa660,0x00000000eab00000)
 Metaspace       used 56557K, capacity 59070K, committed 59160K, reserved 1099776K
  class space    used 7809K, capacity 8290K, committed 8320K, reserved 1048576K
Event: 15.965 GC heap after
Heap after GC invocations=11 (full 2):
 PSYoungGen      total 155136K, used 19451K [0x00000000f5580000, 0x0000000100000000, 0x0000000100000000)
  eden space 135680K, 0% used [0x00000000f5580000,0x00000000f5580000,0x00000000fda00000)
  from space 19456K, 99% used [0x00000000fda00000,0x00000000fecfef30,0x00000000fed00000)
  to   space 19456K, 0% used [0x00000000fed00000,0x00000000fed00000,0x0000000100000000)
 ParOldGen       total 175104K, used 27388K [0x00000000e0000000, 0x00000000eab00000, 0x00000000f5580000)
  object space 175104K, 15% used [0x00000000e0000000,0x00000000e1abf358,0x00000000eab00000)
 Metaspace       used 56557K, capacity 59070K, committed 59160K, reserved 1099776K
  class space    used 7809K, capacity 8290K, committed 8320K, reserved 1048576K
}
Event: 15.965 GC heap before
{Heap before GC invocations=12 (full 3):
 PSYoungGen      total 155136K, used 19451K [0x00000000f5580000, 0x0000000100000000, 0x0000000100000000)
  eden space 135680K, 0% used [0x00000000f5580000,0x00000000f5580000,0x00000000fda00000)
  from space 19456K, 99% used [0x00000000fda00000,0x00000000fecfef30,0x00000000fed00000)
  to   space 19456K, 0% used [0x00000000fed00000,0x00000000fed00000,0x0000000100000000)
 ParOldGen       total 175104K, used 27388K [0x00000000e0000000, 0x00000000eab00000, 0x00000000f5580000)
  object space 175104K, 15% used [0x00000000e0000000,0x00000000e1abf358,0x00000000eab00000)
 Metaspace       used 56557K, capacity 59070K, committed 59160K, reserved 1099776K
  class space    used 7809K, capacity 8290K, committed 8320K, reserved 1048576K
Event: 16.256 GC heap after
Heap after GC invocations=12 (full 3):
 PSYoungGen      total 155136K, used 0K [0x00000000f5580000, 0x0000000100000000, 0x0000000100000000)
  eden space 135680K, 0% used [0x00000000f5580000,0x00000000f5580000,0x00000000fda00000)
  from space 19456K, 0% used [0x00000000fda00000,0x00000000fda00000,0x00000000fed00000)
  to   space 19456K, 0% used [0x00000000fed00000,0x00000000fed00000,0x0000000100000000)
 ParOldGen       total 215040K, used 37387K [0x00000000e0000000, 0x00000000ed200000, 0x00000000f5580000)
  object space 215040K, 17% used [0x00000000e0000000,0x00000000e2482e80,0x00000000ed200000)
 Metaspace       used 56543K, capacity 59022K, committed 59160K, reserved 1099776K
  class space    used 7805K, capacity 8282K, committed 8320K, reserved 1048576K
}
Event: 18.564 GC heap before
{Heap before GC invocations=13 (full 3):
 PSYoungGen      total 155136K, used 135680K [0x00000000f5580000, 0x0000000100000000, 0x0000000100000000)
  eden space 135680K, 100% used [0x00000000f5580000,0x00000000fda00000,0x00000000fda00000)
  from space 19456K, 0% used [0x00000000fda00000,0x00000000fda00000,0x00000000fed00000)
  to   space 19456K, 0% used [0x00000000fed00000,0x00000000fed00000,0x0000000100000000)
 ParOldGen       total 215040K, used 37387K [0x00000000e0000000, 0x00000000ed200000, 0x00000000f5580000)
  object space 215040K, 17% used [0x00000000e0000000,0x00000000e2482e80,0x00000000ed200000)
 Metaspace       used 62313K, capacity 65146K, committed 65280K, reserved 1105920K
  class space    used 8766K, capacity 9365K, committed 9472K, reserved 1048576K
Event: 18.593 GC heap after
Heap after GC invocations=13 (full 3):
 PSYoungGen      total 147968K, used 12432K [0x00000000f5580000, 0x0000000100000000, 0x0000000100000000)
  eden space 128512K, 0% used [0x00000000f5580000,0x00000000f5580000,0x00000000fd300000)
  from space 19456K, 63% used [0x00000000fed00000,0x00000000ff9242d8,0x0000000100000000)
  to   space 23040K, 0% used [0x00000000fd300000,0x00000000fd300000,0x00000000fe980000)
 ParOldGen       total 215040K, used 37387K [0x00000000e0000000, 0x00000000ed200000, 0x00000000f5580000)
  object space 215040K, 17% used [0x00000000e0000000,0x00000000e2482e80,0x00000000ed200000)
 Metaspace       used 62313K, capacity 65146K, committed 65280K, reserved 1105920K
  class space    used 8766K, capacity 9365K, committed 9472K, reserved 1048576K
}
Event: 21.186 GC heap before
{Heap before GC invocations=14 (full 3):
 PSYoungGen      total 147968K, used 140944K [0x00000000f5580000, 0x0000000100000000, 0x0000000100000000)
  eden space 128512K, 100% used [0x00000000f5580000,0x00000000fd300000,0x00000000fd300000)
  from space 19456K, 63% used [0x00000000fed00000,0x00000000ff9242d8,0x0000000100000000)
  to   space 23040K, 0% used [0x00000000fd300000,0x00000000fd300000,0x00000000fe980000)
 ParOldGen       total 215040K, used 37387K [0x00000000e0000000, 0x00000000ed200000, 0x00000000f5580000)
  object space 215040K, 17% used [0x00000000e0000000,0x00000000e2482e80,0x00000000ed200000)
 Metaspace       used 66786K, capacity 70204K, committed 70400K, reserved 1110016K
  class space    used 9481K, capacity 10136K, committed 10240K, reserved 1048576K
Event: 21.213 GC heap after
Heap after GC invocations=14 (full 3):
 PSYoungGen      total 151552K, used 22803K [0x00000000f5580000, 0x0000000100000000, 0x0000000100000000)
  eden space 128512K, 0% used [0x00000000f5580000,0x00000000f5580000,0x00000000fd300000)
  from space 23040K, 98% used [0x00000000fd300000,0x00000000fe944df8,0x00000000fe980000)
  to   space 23040K, 0% used [0x00000000fe980000,0x00000000fe980000,0x0000000100000000)
 ParOldGen       total 215040K, used 37395K [0x00000000e0000000, 0x00000000ed200000, 0x00000000f5580000)
  object space 215040K, 17% used [0x00000000e0000000,0x00000000e2484e80,0x00000000ed200000)
 Metaspace       used 66786K, capacity 70204K, committed 70400K, reserved 1110016K
  class space    used 9481K, capacity 10136K, committed 10240K, reserved 1048576K
}

