# JRE version: Java(TM) SE Runtime Environment (8.0_241-b07) (build 1.8.0_241-b07)
# Java VM: Java HotSpot(TM) 64-Bit Server VM (25.241-b07 mixed mode windows-amd64 compressed oops)
Heap:
 PSYoungGen      total 151552K, used 131329K [0x00000000f5580000, 0x0000000100000000, 0x0000000100000000)
  eden space 128512K, 84% used [0x00000000f5580000,0x00000000fbf6a680,0x00000000fd300000)
  from space 23040K, 99% used [0x00000000fd300000,0x00000000fe9560d8,0x00000000fe980000)
  to   space 23040K, 0% used [0x00000000fe980000,0x00000000fe980000,0x0000000100000000)
 ParOldGen       total 227328K, used 37205K [0x00000000e0000000, 0x00000000ede00000, 0x00000000f5580000)
  object space 227328K, 16% used [0x00000000e0000000,0x00000000e24557b8,0x00000000ede00000)
 Metaspace       used 73759K, capacity 77322K, committed 77568K, reserved 1116160K
  class space    used 10216K, capacity 10941K, committed 11008K, reserved 1048576K
GC Heap History (10 events):
Event: 10.107 GC heap before
{Heap before GC invocations=10 (full 2):
 PSYoungGen      total 159232K, used 155170K [0x00000000f5580000, 0x00000000fff80000, 0x0000000100000000)
  eden space 144384K, 100% used [0x00000000f5580000,0x00000000fe280000,0x00000000fe280000)
  from space 14848K, 72% used [0x00000000fe280000,0x00000000fed08938,0x00000000ff100000)
  to   space 14848K, 0% used [0x00000000ff100000,0x00000000ff100000,0x00000000fff80000)
 ParOldGen       total 175104K, used 15426K [0x00000000e0000000, 0x00000000eab00000, 0x00000000f5580000)
  object space 175104K, 8% used [0x00000000e0000000,0x00000000e0f10948,0x00000000eab00000)
 Metaspace       used 51383K, capacity 53430K, committed 53632K, reserved 1095680K
  class space    used 6998K, capacity 7433K, committed 7552K, reserved 1048576K
Event: 10.141 GC heap after
Heap after GC invocations=10 (full 2):
 PSYoungGen      total 150528K, used 14827K [0x00000000f5580000, 0x0000000100000000, 0x0000000100000000)
  eden space 135680K, 0% used [0x00000000f5580000,0x00000000f5580000,0x00000000fda00000)
  from space 14848K, 99% used [0x00000000ff100000,0x00000000fff7af20,0x00000000fff80000)
  to   space 19456K, 0% used [0x00000000fda00000,0x00000000fda00000,0x00000000fed00000)
 ParOldGen       total 175104K, used 22606K [0x00000000e0000000, 0x00000000eab00000, 0x00000000f5580000)
  object space 175104K, 12% used [0x00000000e0000000,0x00000000e1613b00,0x00000000eab00000)
 Metaspace       used 51383K, capacity 53430K, committed 53632K, reserved 1095680K
  class space    used 6998K, capacity 7433K, committed 7552K, reserved 1048576K
}
Event: 11.877 GC heap before
{Heap before GC invocations=11 (full 2):
 PSYoungGen      total 150528K, used 118257K [0x00000000f5580000, 0x0000000100000000, 0x0000000100000000)
  eden space 135680K, 76% used [0x00000000f5580000,0x00000000fba81558,0x00000000fda00000)
  from space 14848K, 99% used [0x00000000ff100000,0x00000000fff7af20,0x00000000fff80000)
  to   space 19456K, 0% used [0x00000000fda00000,0x00000000fda00000,0x00000000fed00000)
 ParOldGen       total 175104K, used 22606K [0x00000000e0000000, 0x00000000eab00000, 0x00000000f5580000)
  object space 175104K, 12% used [0x00000000e0000000,0x00000000e1613b00,0x00000000eab00000)
 Metaspace       used 56543K, capacity 59092K, committed 59160K, reserved 1099776K
  class space    used 7808K, capacity 8320K, committed 8320K, reserved 1048576K
Event: 11.901 GC heap after
Heap after GC invocations=11 (full 2):
 PSYoungGen      total 155136K, used 19451K [0x00000000f5580000, 0x0000000100000000, 0x0000000100000000)
  eden space 135680K, 0% used [0x00000000f5580000,0x00000000f5580000,0x00000000fda00000)
  from space 19456K, 99% used [0x00000000fda00000,0x00000000fecfef10,0x00000000fed00000)
  to   space 19456K, 0% used [0x00000000fed00000,0x00000000fed00000,0x0000000100000000)
 ParOldGen       total 175104K, used 27311K [0x00000000e0000000, 0x00000000eab00000, 0x00000000f5580000)
  object space 175104K, 15% used [0x00000000e0000000,0x00000000e1aabd48,0x00000000eab00000)
 Metaspace       used 56543K, capacity 59092K, committed 59160K, reserved 1099776K
  class space    used 7808K, capacity 8320K, committed 8320K, reserved 1048576K
}
Event: 11.901 GC heap before
{Heap before GC invocations=12 (full 3):
 PSYoungGen      total 155136K, used 19451K [0x00000000f5580000, 0x0000000100000000, 0x0000000100000000)
  eden space 135680K, 0% used [0x00000000f5580000,0x00000000f5580000,0x00000000fda00000)
  from space 19456K, 99% used [0x00000000fda00000,0x00000000fecfef10,0x00000000fed00000)
  to   space 19456K, 0% used [0x00000000fed00000,0x00000000fed00000,0x0000000100000000)
 ParOldGen       total 175104K, used 27311K [0x00000000e0000000, 0x00000000eab00000, 0x00000000f5580000)
  object space 175104K, 15% used [0x00000000e0000000,0x00000000e1aabd48,0x00000000eab00000)
 Metaspace       used 56543K, capacity 59092K, committed 59160K, reserved 1099776K
  class space    used 7808K, capacity 8320K, committed 8320K, reserved 1048576K
Event: 12.209 GC heap after
Heap after GC invocations=12 (full 3):
 PSYoungGen      total 155136K, used 0K [0x00000000f5580000, 0x0000000100000000, 0x0000000100000000)
  eden space 135680K, 0% used [0x00000000f5580000,0x00000000f5580000,0x00000000fda00000)
  from space 19456K, 0% used [0x00000000fda00000,0x00000000fda00000,0x00000000fed00000)
  to   space 19456K, 0% used [0x00000000fed00000,0x00000000fed00000,0x0000000100000000)
 ParOldGen       total 227328K, used 37189K [0x00000000e0000000, 0x00000000ede00000, 0x00000000f5580000)
  object space 227328K, 16% used [0x00000000e0000000,0x00000000e24517b8,0x00000000ede00000)
 Metaspace       used 56536K, capacity 59068K, committed 59160K, reserved 1099776K
  class space    used 7805K, capacity 8316K, committed 8320K, reserved 1048576K
}
Event: 13.888 GC heap before
{Heap before GC invocations=13 (full 3):
 PSYoungGen      total 155136K, used 135680K [0x00000000f5580000, 0x0000000100000000, 0x0000000100000000)
  eden space 135680K, 100% used [0x00000000f5580000,0x00000000fda00000,0x00000000fda00000)
  from space 19456K, 0% used [0x00000000fda00000,0x00000000fda00000,0x00000000fed00000)
  to   space 19456K, 0% used [0x00000000fed00000,0x00000000fed00000,0x0000000100000000)
 ParOldGen       total 227328K, used 37189K [0x00000000e0000000, 0x00000000ede00000, 0x00000000f5580000)
  object space 227328K, 16% used [0x00000000e0000000,0x00000000e24517b8,0x00000000ede00000)
 Metaspace       used 62291K, capacity 65146K, committed 65280K, reserved 1105920K
  class space    used 8773K, capacity 9365K, committed 9472K, reserved 1048576K
Event: 13.910 GC heap after
Heap after GC invocations=13 (full 3):
 PSYoungGen      total 147968K, used 12439K [0x00000000f5580000, 0x0000000100000000, 0x0000000100000000)
  eden space 128512K, 0% used [0x00000000f5580000,0x00000000f5580000,0x00000000fd300000)
  from space 19456K, 63% used [0x00000000fed00000,0x00000000ff925da8,0x0000000100000000)
  to   space 23040K, 0% used [0x00000000fd300000,0x00000000fd300000,0x00000000fe980000)
 ParOldGen       total 227328K, used 37197K [0x00000000e0000000, 0x00000000ede00000, 0x00000000f5580000)
  object space 227328K, 16% used [0x00000000e0000000,0x00000000e24537b8,0x00000000ede00000)
 Metaspace       used 62291K, capacity 65146K, committed 65280K, reserved 1105920K
  class space    used 8773K, capacity 9365K, committed 9472K, reserved 1048576K
}
Event: 16.345 GC heap before
{Heap before GC invocations=14 (full 3):
 PSYoungGen      total 147968K, used 140951K [0x00000000f5580000, 0x0000000100000000, 0x0000000100000000)
  eden space 128512K, 100% used [0x00000000f5580000,0x00000000fd300000,0x00000000fd300000)
  from space 19456K, 63% used [0x00000000fed00000,0x00000000ff925da8,0x0000000100000000)
  to   space 23040K, 0% used [0x00000000fd300000,0x00000000fd300000,0x00000000fe980000)
 ParOldGen       total 227328K, used 37197K [0x00000000e0000000, 0x00000000ede00000, 0x00000000f5580000)
  object space 227328K, 16% used [0x00000000e0000000,0x00000000e24537b8,0x00000000ede00000)
 Metaspace       used 66838K, capacity 70210K, committed 70400K, reserved 1110016K
  class space    used 9493K, capacity 10137K, committed 10240K, reserved 1048576K
Event: 16.376 GC heap after
Heap after GC invocations=14 (full 3):
 PSYoungGen      total 151552K, used 22872K [0x00000000f5580000, 0x0000000100000000, 0x0000000100000000)
  eden space 128512K, 0% used [0x00000000f5580000,0x00000000f5580000,0x00000000fd300000)
  from space 23040K, 99% used [0x00000000fd300000,0x00000000fe9560d8,0x00000000fe980000)
  to   space 23040K, 0% used [0x00000000fe980000,0x00000000fe980000,0x0000000100000000)
 ParOldGen       total 227328K, used 37205K [0x00000000e0000000, 0x00000000ede00000, 0x00000000f5580000)
  object space 227328K, 16% used [0x00000000e0000000,0x00000000e24557b8,0x00000000ede00000)
 Metaspace       used 66838K, capacity 70210K, committed 70400K, reserved 1110016K
  class space    used 9493K, capacity 10137K, committed 10240K, reserved 1048576K
}

